This is pdfTeX, Version 3.14159265-2.6-1.40.16 (TeX Live 2015/Debian) (preloaded format=pdflatex 2016.10.7)  30 NOV 2016 10:32
entering extended mode
 restricted \write18 enabled.
 %&-line parsing enabled.
**main_libro.tex
(./main_libro.tex
LaTeX2e <2016/02/01>
Babel <3.9q> and hyphenation patterns for 81 language(s) loaded.
(/usr/share/texlive/texmf-dist/tex/latex/base/book.cls
Document Class: book 2014/09/29 v1.4h Standard LaTeX document class
(/usr/share/texlive/texmf-dist/tex/latex/base/bk11.clo
File: bk11.clo 2014/09/29 v1.4h Standard LaTeX file (size option)
)
\c@part=\count79
\c@chapter=\count80
\c@section=\count81
\c@subsection=\count82
\c@subsubsection=\count83
\c@paragraph=\count84
\c@subparagraph=\count85
\c@figure=\count86
\c@table=\count87
\abovecaptionskip=\skip41
\belowcaptionskip=\skip42
\bibindent=\dimen102
)
(/usr/share/texlive/texmf-dist/tex/latex/cite/chapterbib.sty
\c@inputfile=\count88
Package: chapterbib 2010/09/18  v 1.17
)
(/usr/share/texlive/texmf-dist/tex/latex/doublestroke/dsfont.sty
Package: dsfont 1995/08/01 v0.1 Double stroke roman fonts
)
(./appendix.sty
Package: appendix 2002/08/06 v1.2 extra appendix facilities
\c@@pps=\count89
\c@@ppsavesec=\count90
\c@@ppsaveapp=\count91
) (./slashbox.sty
slashbox style by K.Yasuoka, May 1993.
\@slashboxa=\box26
\@slashboxb=\box27
\@slashboxc=\box28
\@slashboxwd=\count92
\@slashboxht=\count93
\@slashsepl=\dimen103
\@slashsepr=\dimen104
) (/usr/share/texlive/texmf-dist/tex/latex/tools/enumerate.sty
Package: enumerate 2015/07/23 v3.00 enumerate extensions (DPC)
\@enLab=\toks14
)
(/usr/share/texlive/texmf-dist/tex/latex/graphics/epsfig.sty
Package: epsfig 1999/02/16 v1.7a (e)psfig emulation (SPQR)

(/usr/share/texlive/texmf-dist/tex/latex/graphics/graphicx.sty
Package: graphicx 2014/10/28 v1.0g Enhanced LaTeX Graphics (DPC,SPQR)

(/usr/share/texlive/texmf-dist/tex/latex/graphics/keyval.sty
Package: keyval 2014/10/28 v1.15 key=value parser (DPC)
\KV@toks@=\toks15
)
(/usr/share/texlive/texmf-dist/tex/latex/graphics/graphics.sty
Package: graphics 2016/01/03 v1.0q Standard LaTeX Graphics (DPC,SPQR)

(/usr/share/texlive/texmf-dist/tex/latex/graphics/trig.sty
Package: trig 2016/01/03 v1.10 sin cos tan (DPC)
)
(/usr/share/texlive/texmf-dist/tex/latex/latexconfig/graphics.cfg
File: graphics.cfg 2010/04/23 v1.9 graphics configuration of TeX Live
)
Package graphics Info: Driver file: pdftex.def on input line 95.

(/usr/share/texlive/texmf-dist/tex/latex/pdftex-def/pdftex.def
File: pdftex.def 2011/05/27 v0.06d Graphics/color for pdfTeX

(/usr/share/texlive/texmf-dist/tex/generic/oberdiek/infwarerr.sty
Package: infwarerr 2010/04/08 v1.3 Providing info/warning/error messages (HO)
)
(/usr/share/texlive/texmf-dist/tex/generic/oberdiek/ltxcmds.sty
Package: ltxcmds 2011/11/09 v1.22 LaTeX kernel commands for general use (HO)
)
\Gread@gobject=\count94
))
\Gin@req@height=\dimen105
\Gin@req@width=\dimen106
)
\epsfxsize=\dimen107
\epsfysize=\dimen108
)
(/usr/share/texlive/texmf-dist/tex/latex/amsmath/amsmath.sty
Package: amsmath 2016/03/03 v2.15a AMS math features
\@mathmargin=\skip43

For additional information on amsmath, use the `?' option.
(/usr/share/texlive/texmf-dist/tex/latex/amsmath/amstext.sty
Package: amstext 2000/06/29 v2.01 AMS text

(/usr/share/texlive/texmf-dist/tex/latex/amsmath/amsgen.sty
File: amsgen.sty 1999/11/30 v2.0 generic functions
\@emptytoks=\toks16
\ex@=\dimen109
))
(/usr/share/texlive/texmf-dist/tex/latex/amsmath/amsbsy.sty
Package: amsbsy 1999/11/29 v1.2d Bold Symbols
\pmbraise@=\dimen110
)
(/usr/share/texlive/texmf-dist/tex/latex/amsmath/amsopn.sty
Package: amsopn 1999/12/14 v2.01 operator names
)
\inf@bad=\count95
LaTeX Info: Redefining \frac on input line 199.
\uproot@=\count96
\leftroot@=\count97
LaTeX Info: Redefining \overline on input line 297.
\classnum@=\count98
\DOTSCASE@=\count99
LaTeX Info: Redefining \ldots on input line 394.
LaTeX Info: Redefining \dots on input line 397.
LaTeX Info: Redefining \cdots on input line 518.
\Mathstrutbox@=\box29
\strutbox@=\box30
\big@size=\dimen111
LaTeX Font Info:    Redeclaring font encoding OML on input line 630.
LaTeX Font Info:    Redeclaring font encoding OMS on input line 631.
\macc@depth=\count100
\c@MaxMatrixCols=\count101
\dotsspace@=\muskip10
\c@parentequation=\count102
\dspbrk@lvl=\count103
\tag@help=\toks17
\row@=\count104
\column@=\count105
\maxfields@=\count106
\andhelp@=\toks18
\eqnshift@=\dimen112
\alignsep@=\dimen113
\tagshift@=\dimen114
\tagwidth@=\dimen115
\totwidth@=\dimen116
\lineht@=\dimen117
\@envbody=\toks19
\multlinegap=\skip44
\multlinetaggap=\skip45
\mathdisplay@stack=\toks20
LaTeX Info: Redefining \[ on input line 2735.
LaTeX Info: Redefining \] on input line 2736.
)
(/usr/share/texlive/texmf-dist/tex/latex/amsfonts/amsfonts.sty
Package: amsfonts 2013/01/14 v3.01 Basic AMSFonts support
\symAMSa=\mathgroup4
\symAMSb=\mathgroup5
LaTeX Font Info:    Overwriting math alphabet `\mathfrak' in version `bold'
(Font)                  U/euf/m/n --> U/euf/b/n on input line 106.
)
(/usr/share/texlive/texmf-dist/tex/latex/amsfonts/amssymb.sty
Package: amssymb 2013/01/14 v3.01 AMS font symbols
)
(/usr/share/texlive/texmf-dist/tex/latex/bbold/bbold.sty
Package: bbold 1994/04/06 Bbold symbol package
LaTeX Font Info:    Redeclaring math alphabet \mathbb on input line 42.
)
(/usr/share/texlive/texmf-dist/tex/latex/bbm-macros/bbm.sty
Package: bbm 1999/03/15 V 1.2 provides fonts for set symbols - TH
LaTeX Font Info:    Overwriting math alphabet `\mathbbm' in version `bold'
(Font)                  U/bbm/m/n --> U/bbm/bx/n on input line 33.
LaTeX Font Info:    Overwriting math alphabet `\mathbbmss' in version `bold'
(Font)                  U/bbmss/m/n --> U/bbmss/bx/n on input line 35.
)
\fmbox=\box31

(/usr/share/texlive/texmf-dist/tex/latex/base/latexsym.sty
Package: latexsym 1998/08/17 v2.2e Standard LaTeX package (lasy symbols)
\symlasy=\mathgroup6
LaTeX Font Info:    Overwriting symbol font `lasy' in version `bold'
(Font)                  U/lasy/m/n --> U/lasy/b/n on input line 52.
)
(/usr/share/texlive/texmf-dist/tex/latex/txfonts/txfonts.sty
Package: txfonts 2008/01/22 v3.2.1
LaTeX Font Info:    Redeclaring symbol font `operators' on input line 21.
LaTeX Font Info:    Overwriting symbol font `operators' in version `normal'
(Font)                  OT1/cmr/m/n --> OT1/txr/m/n on input line 21.
LaTeX Font Info:    Overwriting symbol font `operators' in version `bold'
(Font)                  OT1/cmr/bx/n --> OT1/txr/m/n on input line 21.
LaTeX Font Info:    Overwriting symbol font `operators' in version `bold'
(Font)                  OT1/txr/m/n --> OT1/txr/bx/n on input line 22.
\symitalic=\mathgroup7
LaTeX Font Info:    Overwriting symbol font `italic' in version `bold'
(Font)                  OT1/txr/m/it --> OT1/txr/bx/it on input line 26.
LaTeX Font Info:    Redeclaring math alphabet \mathbf on input line 29.
LaTeX Font Info:    Overwriting math alphabet `\mathbf' in version `normal'
(Font)                  OT1/cmr/bx/n --> OT1/txr/bx/n on input line 29.
LaTeX Font Info:    Overwriting math alphabet `\mathbf' in version `bold'
(Font)                  OT1/cmr/bx/n --> OT1/txr/bx/n on input line 29.
LaTeX Font Info:    Redeclaring math alphabet \mathit on input line 30.
LaTeX Font Info:    Overwriting math alphabet `\mathit' in version `normal'
(Font)                  OT1/cmr/m/it --> OT1/txr/m/it on input line 30.
LaTeX Font Info:    Overwriting math alphabet `\mathit' in version `bold'
(Font)                  OT1/cmr/bx/it --> OT1/txr/m/it on input line 30.
LaTeX Font Info:    Overwriting math alphabet `\mathit' in version `bold'
(Font)                  OT1/txr/m/it --> OT1/txr/bx/it on input line 31.
LaTeX Font Info:    Redeclaring math alphabet \mathsf on input line 40.
LaTeX Font Info:    Overwriting math alphabet `\mathsf' in version `normal'
(Font)                  OT1/cmss/m/n --> OT1/txss/m/n on input line 40.
LaTeX Font Info:    Overwriting math alphabet `\mathsf' in version `bold'
(Font)                  OT1/cmss/bx/n --> OT1/txss/m/n on input line 40.
LaTeX Font Info:    Overwriting math alphabet `\mathsf' in version `bold'
(Font)                  OT1/txss/m/n --> OT1/txss/b/n on input line 41.
LaTeX Font Info:    Redeclaring math alphabet \mathtt on input line 50.
LaTeX Font Info:    Overwriting math alphabet `\mathtt' in version `normal'
(Font)                  OT1/cmtt/m/n --> OT1/txtt/m/n on input line 50.
LaTeX Font Info:    Overwriting math alphabet `\mathtt' in version `bold'
(Font)                  OT1/cmtt/m/n --> OT1/txtt/m/n on input line 50.
LaTeX Font Info:    Overwriting math alphabet `\mathtt' in version `bold'
(Font)                  OT1/txtt/m/n --> OT1/txtt/b/n on input line 51.
LaTeX Font Info:    Redeclaring symbol font `letters' on input line 58.
LaTeX Font Info:    Overwriting symbol font `letters' in version `normal'
(Font)                  OML/cmm/m/it --> OML/txmi/m/it on input line 58.
LaTeX Font Info:    Overwriting symbol font `letters' in version `bold'
(Font)                  OML/cmm/b/it --> OML/txmi/m/it on input line 58.
LaTeX Font Info:    Overwriting symbol font `letters' in version `bold'
(Font)                  OML/txmi/m/it --> OML/txmi/bx/it on input line 59.
\symlettersA=\mathgroup8
LaTeX Font Info:    Overwriting symbol font `lettersA' in version `bold'
(Font)                  U/txmia/m/it --> U/txmia/bx/it on input line 67.
LaTeX Font Info:    Redeclaring math alphabet \mathfrak on input line 70.
LaTeX Font Info:    Redeclaring symbol font `symbols' on input line 77.
LaTeX Font Info:    Overwriting symbol font `symbols' in version `normal'
(Font)                  OMS/cmsy/m/n --> OMS/txsy/m/n on input line 77.
LaTeX Font Info:    Overwriting symbol font `symbols' in version `bold'
(Font)                  OMS/cmsy/b/n --> OMS/txsy/m/n on input line 77.
LaTeX Font Info:    Overwriting symbol font `symbols' in version `bold'
(Font)                  OMS/txsy/m/n --> OMS/txsy/bx/n on input line 78.
LaTeX Font Info:    Redeclaring symbol font `AMSa' on input line 93.
LaTeX Font Info:    Overwriting symbol font `AMSa' in version `normal'
(Font)                  U/msa/m/n --> U/txsya/m/n on input line 93.
LaTeX Font Info:    Overwriting symbol font `AMSa' in version `bold'
(Font)                  U/msa/m/n --> U/txsya/m/n on input line 93.
LaTeX Font Info:    Overwriting symbol font `AMSa' in version `bold'
(Font)                  U/txsya/m/n --> U/txsya/bx/n on input line 94.
LaTeX Font Info:    Redeclaring symbol font `AMSb' on input line 102.
LaTeX Font Info:    Overwriting symbol font `AMSb' in version `normal'
(Font)                  U/msb/m/n --> U/txsyb/m/n on input line 102.
LaTeX Font Info:    Overwriting symbol font `AMSb' in version `bold'
(Font)                  U/msb/m/n --> U/txsyb/m/n on input line 102.
LaTeX Font Info:    Overwriting symbol font `AMSb' in version `bold'
(Font)                  U/txsyb/m/n --> U/txsyb/bx/n on input line 103.
LaTeX Font Info:    Redeclaring math alphabet \mathbb on input line 106.
\symsymbolsC=\mathgroup9
LaTeX Font Info:    Overwriting symbol font `symbolsC' in version `bold'
(Font)                  U/txsyc/m/n --> U/txsyc/bx/n on input line 113.
LaTeX Font Info:    Redeclaring symbol font `largesymbols' on input line 120.
LaTeX Font Info:    Overwriting symbol font `largesymbols' in version `normal'
(Font)                  OMX/cmex/m/n --> OMX/txex/m/n on input line 120.
LaTeX Font Info:    Overwriting symbol font `largesymbols' in version `bold'
(Font)                  OMX/cmex/m/n --> OMX/txex/m/n on input line 120.
LaTeX Font Info:    Overwriting symbol font `largesymbols' in version `bold'
(Font)                  OMX/txex/m/n --> OMX/txex/bx/n on input line 121.
\symlargesymbolsA=\mathgroup10
LaTeX Font Info:    Overwriting symbol font `largesymbolsA' in version `bold'
(Font)                  U/txexa/m/n --> U/txexa/bx/n on input line 129.
LaTeX Info: Redefining \not on input line 1043.
)
(/usr/share/texlive/texmf-dist/tex/latex/jknapltx/mathrsfs.sty
Package: mathrsfs 1996/01/01 Math RSFS package v1.0 (jk)
\symrsfs=\mathgroup11
)
(/usr/share/texlive/texmf-dist/tex/latex/was/upgreek.sty
Package: upgreek 2003/02/12 v2.0 (WaS)
Package upgreek Info: Using Euler Roman for upright Greek on input line 31.
\symugrf@m=\mathgroup12
LaTeX Font Info:    Overwriting symbol font `ugrf@m' in version `bold'
(Font)                  U/eur/m/n --> U/eur/b/n on input line 38.
)
(/usr/share/texlive/texmf-dist/tex/latex/natbib/natbib.sty
Package: natbib 2010/09/13 8.31b (PWD, AO)
\bibhang=\skip46
\bibsep=\skip47
LaTeX Info: Redefining \cite on input line 694.
\c@NAT@ctr=\count107
)
(/usr/share/texlive/texmf-dist/tex/latex/tools/verbatim.sty
Package: verbatim 2014/10/28 v1.5q LaTeX2e package for verbatim enhancements
\every@verbatim=\toks21
\verbatim@line=\toks22
\verbatim@in@stream=\read1
)
(/usr/share/texlive/texmf-dist/tex/latex/tools/array.sty
Package: array 2014/10/28 v2.4c Tabular extension package (FMi)
\col@sep=\dimen118
\extrarowheight=\dimen119
\NC@list=\toks23
\extratabsurround=\skip48
\backup@length=\skip49
)
(/usr/share/texlive/texmf-dist/tex/latex/graphics/color.sty
Package: color 2016/01/03 v1.1b Standard LaTeX Color (DPC)

(/usr/share/texlive/texmf-dist/tex/latex/latexconfig/color.cfg
File: color.cfg 2007/01/18 v1.5 color configuration of teTeX/TeXLive
)
Package color Info: Driver file: pdftex.def on input line 143.
)
(/usr/share/texlive/texmf-dist/tex/latex/caption/caption.sty
Package: caption 2016/02/21 v3.3-144 Customizing captions (AR)

(/usr/share/texlive/texmf-dist/tex/latex/caption/caption3.sty
Package: caption3 2016/02/04 v1.7-139 caption3 kernel (AR)
Package caption3 Info: TeX engine: e-TeX on input line 67.
\captionmargin=\dimen120
\captionmargin@=\dimen121
\captionwidth=\dimen122
\caption@tempdima=\dimen123
\caption@indent=\dimen124
\caption@parindent=\dimen125
\caption@hangindent=\dimen126
)
\c@ContinuedFloat=\count108
)
(./main_libro.aux (./nutshell/include_trans_nut.aux))
\openout1 = `main_libro.aux'.

LaTeX Font Info:    Checking defaults for OML/txmi/m/it on input line 59.
LaTeX Font Info:    Try loading font information for OML+txmi on input line 59.


(/usr/share/texlive/texmf-dist/tex/latex/txfonts/omltxmi.fd
File: omltxmi.fd 2000/12/15 v3.1
)
LaTeX Font Info:    ... okay on input line 59.
LaTeX Font Info:    Checking defaults for T1/cmr/m/n on input line 59.
LaTeX Font Info:    ... okay on input line 59.
LaTeX Font Info:    Checking defaults for OT1/cmr/m/n on input line 59.
LaTeX Font Info:    ... okay on input line 59.
LaTeX Font Info:    Checking defaults for OMS/txsy/m/n on input line 59.
LaTeX Font Info:    Try loading font information for OMS+txsy on input line 59.


(/usr/share/texlive/texmf-dist/tex/latex/txfonts/omstxsy.fd
File: omstxsy.fd 2000/12/15 v3.1
)
LaTeX Font Info:    ... okay on input line 59.
LaTeX Font Info:    Checking defaults for OMX/txex/m/n on input line 59.
LaTeX Font Info:    Try loading font information for OMX+txex on input line 59.


(/usr/share/texlive/texmf-dist/tex/latex/txfonts/omxtxex.fd
File: omxtxex.fd 2000/12/15 v3.1
)
LaTeX Font Info:    ... okay on input line 59.
LaTeX Font Info:    Checking defaults for U/txexa/m/n on input line 59.
LaTeX Font Info:    Try loading font information for U+txexa on input line 59.

(/usr/share/texlive/texmf-dist/tex/latex/txfonts/utxexa.fd
File: utxexa.fd 2000/12/15 v3.1
)
LaTeX Font Info:    ... okay on input line 59.
LaTeX Font Info:    Try loading font information for OT1+txr on input line 59.

(/usr/share/texlive/texmf-dist/tex/latex/txfonts/ot1txr.fd
File: ot1txr.fd 2000/12/15 v3.1
)
Package chapterbib Info: The sectionbib option changes "\chapter *" to "\sectio
n *" in \thebibliography on input line 59.

(/usr/share/texlive/texmf-dist/tex/context/base/supp-pdf.mkii
[Loading MPS to PDF converter (version 2006.09.02).]
\scratchcounter=\count109
\scratchdimen=\dimen127
\scratchbox=\box32
\nofMPsegments=\count110
\nofMParguments=\count111
\everyMPshowfont=\toks24
\MPscratchCnt=\count112
\MPscratchDim=\dimen128
\MPnumerator=\count113
\makeMPintoPDFobject=\count114
\everyMPtoPDFconversion=\toks25
) (/usr/share/texlive/texmf-dist/tex/generic/oberdiek/pdftexcmds.sty
Package: pdftexcmds 2011/11/29 v0.20 Utility functions of pdfTeX for LuaTeX (HO
)

(/usr/share/texlive/texmf-dist/tex/generic/oberdiek/ifluatex.sty
Package: ifluatex 2010/03/01 v1.3 Provides the ifluatex switch (HO)
Package ifluatex Info: LuaTeX not detected.
)
(/usr/share/texlive/texmf-dist/tex/generic/oberdiek/ifpdf.sty
Package: ifpdf 2011/01/30 v2.3 Provides the ifpdf switch (HO)
Package ifpdf Info: pdfTeX in PDF mode is detected.
)
Package pdftexcmds Info: LuaTeX not detected.
Package pdftexcmds Info: \pdf@primitive is available.
Package pdftexcmds Info: \pdf@ifprimitive is available.
Package pdftexcmds Info: \pdfdraftmode found.
)
(/usr/share/texlive/texmf-dist/tex/latex/oberdiek/epstopdf-base.sty
Package: epstopdf-base 2010/02/09 v2.5 Base part for package epstopdf

(/usr/share/texlive/texmf-dist/tex/latex/oberdiek/grfext.sty
Package: grfext 2010/08/19 v1.1 Manage graphics extensions (HO)

(/usr/share/texlive/texmf-dist/tex/generic/oberdiek/kvdefinekeys.sty
Package: kvdefinekeys 2011/04/07 v1.3 Define keys (HO)
))
(/usr/share/texlive/texmf-dist/tex/latex/oberdiek/kvoptions.sty
Package: kvoptions 2011/06/30 v3.11 Key value format for package options (HO)

(/usr/share/texlive/texmf-dist/tex/generic/oberdiek/kvsetkeys.sty
Package: kvsetkeys 2012/04/25 v1.16 Key value parser (HO)

(/usr/share/texlive/texmf-dist/tex/generic/oberdiek/etexcmds.sty
Package: etexcmds 2011/02/16 v1.5 Avoid name clashes with e-TeX commands (HO)
Package etexcmds Info: Could not find \expanded.
(etexcmds)             That can mean that you are not using pdfTeX 1.50 or
(etexcmds)             that some package has redefined \expanded.
(etexcmds)             In the latter case, load this package earlier.
)))
Package grfext Info: Graphics extension search list:
(grfext)             [.png,.pdf,.jpg,.mps,.jpeg,.jbig2,.jb2,.PNG,.PDF,.JPG,.JPE
G,.JBIG2,.JB2,.eps]
(grfext)             \AppendGraphicsExtensions on input line 452.

(/usr/share/texlive/texmf-dist/tex/latex/latexconfig/epstopdf-sys.cfg
File: epstopdf-sys.cfg 2010/07/13 v1.3 Configuration of (r)epstopdf for TeX Liv
e
))
Package caption Info: Begin \AtBeginDocument code.
Package caption Info: End \AtBeginDocument code.
\openout2 = `nutshell/include_trans_nut.aux'.


(./nutshell/include_trans_nut.tex
Chapter 1.
LaTeX Font Info:    Try loading font information for U+txsya on input line 3.
(/usr/share/texlive/texmf-dist/tex/latex/txfonts/utxsya.fd
File: utxsya.fd 2000/12/15 v3.1
)
LaTeX Font Info:    Try loading font information for U+txsyb on input line 3.

(/usr/share/texlive/texmf-dist/tex/latex/txfonts/utxsyb.fd
File: utxsyb.fd 2000/12/15 v3.1
)
LaTeX Font Info:    Try loading font information for U+lasy on input line 3.

(/usr/share/texlive/texmf-dist/tex/latex/base/ulasy.fd
File: ulasy.fd 1998/08/17 v2.2e LaTeX symbol font definitions
)
LaTeX Font Info:    Try loading font information for U+txmia on input line 3.

(/usr/share/texlive/texmf-dist/tex/latex/txfonts/utxmia.fd
File: utxmia.fd 2000/12/15 v3.1
)
LaTeX Font Info:    Try loading font information for U+txsyc on input line 3.

(/usr/share/texlive/texmf-dist/tex/latex/txfonts/utxsyc.fd
File: utxsyc.fd 2000/12/15 v3.1
)
LaTeX Font Info:    Try loading font information for U+rsfs on input line 3.

(/usr/share/texlive/texmf-dist/tex/latex/jknapltx/ursfs.fd
File: ursfs.fd 1998/03/24 rsfs font definition file (jk)
)

LaTeX Warning: Reference `figC7C1' on page 1 undefined on input line 3.


LaTeX Warning: Reference `C7S7C1' on page 1 undefined on input line 3.


LaTeX Warning: Reference `figC7C1' on page 1 undefined on input line 3.


LaTeX Warning: Reference `chapter1' on page 1 undefined on input line 3.


LaTeX Warning: Reference `eq1.1.3' on page 1 undefined on input line 3.


LaTeX Warning: Reference `intro' on page 1 undefined on input line 3.


LaTeX Warning: Reference `sect1F1' on page 1 undefined on input line 3.

[1




{/var/lib/texmf/fonts/map/pdftex/updmap/pdftex.map}]

LaTeX Warning: Reference `App1AF' on page 2 undefined on input line 10.


LaTeX Warning: Reference `C6S1.2' on page 2 undefined on input line 10.


LaTeX Warning: Reference `fig8_2_4x' on page 2 undefined on input line 10.


LaTeX Warning: Reference `fig1.5' on page 2 undefined on input line 13.


LaTeX Warning: Reference `C8' on page 2 undefined on input line 13.

<nutshell/figs/fig_alpha.pdf, id=12, 1498.964pt x 1856.41234pt>
File: nutshell/figs/fig_alpha.pdf Graphic file (type pdf)

<use nutshell/figs/fig_alpha.pdf>
Package pdftex.def Info: nutshell/figs/fig_alpha.pdf used on input line 16.
(pdftex.def)             Requested size: 360.0pt x 445.83133pt.

<nutshell/figs/fig_beta.pdf, id=14, 1776.18365pt x 2469.90944pt>
File: nutshell/figs/fig_beta.pdf Graphic file (type pdf)

<use nutshell/figs/fig_beta.pdf>
Package pdftex.def Info: nutshell/figs/fig_beta.pdf used on input line 20.
(pdftex.def)             Requested size: 360.0pt x 500.60619pt.


LaTeX Warning: Float too large for page by 87.07141pt on input line 22.

<nutshell/figs/fig_gamma.pdf, id=16, 597.50786pt x 845.04686pt>
File: nutshell/figs/fig_gamma.pdf Graphic file (type pdf)

<use nutshell/figs/fig_gamma.pdf>
Package pdftex.def Info: nutshell/figs/fig_gamma.pdf used on input line 24.
(pdftex.def)             Requested size: 306.0022pt x 432.7734pt.


LaTeX Warning: Reference `eq2C2.1' on page 2 undefined on input line 26.


LaTeX Warning: Reference `eq1.1.3' on page 2 undefined on input line 26.


LaTeX Warning: Reference `eq2C2.1' on page 2 undefined on input line 26.


LaTeX Warning: Reference `eq1.1.3' on page 2 undefined on input line 26.


LaTeX Warning: Float too large for page by 118.97325pt on input line 27.


LaTeX Warning: Reference `intro' on page 2 undefined on input line 29.


Underfull \vbox (badness 1888) has occurred while \output is active []

 [2]
[3 <./nutshell/figs/fig_alpha.pdf>] [4 <./nutshell/figs/fig_beta.pdf>] [5 <./nu
tshell/figs/fig_gamma.pdf>]

LaTeX Warning: Reference `fig1.4' on page 6 undefined on input line 44.

[6] [7]

LaTeX Warning: Reference `fig6.2.1' on page 8 undefined on input line 108.


LaTeX Warning: Reference `fig6.2.3' on page 8 undefined on input line 108.


LaTeX Warning: Reference `fig8_2_4' on page 8 undefined on input line 108.


LaTeX Warning: Reference `fig6.2.3' on page 8 undefined on input line 112.

[8]

LaTeX Warning: Reference `fig1.5' on page 9 undefined on input line 116.


LaTeX Warning: Reference `fig8_2_4' on page 9 undefined on input line 116.


Overfull \hbox (14.56334pt too wide) in paragraph at lines 115--117
\OT1/txr/m/n/10.95 text we note that the in-te-grated gs $\OMS/txsy/m/n/10.95 !
$ \OT1/txr/m/n/10.95 gs ab-so-lute cross sec-tion $\OML/txmi/m/it/10.95 ^^[\OT1
/txr/m/n/10.95 ([]$Sn$(\OML/txmi/m/it/10.95 p; t\OT1/txr/m/n/10.95 )[]$Sn(gs))$
\OMS/txsy/m/n/10.95 ^^Y
 []


LaTeX Warning: Reference `C1S1D1' on page 9 undefined on input line 122.


LaTeX Warning: Reference `C1AppDS2' on page 9 undefined on input line 122.


LaTeX Warning: Reference `fig1D3' on page 9 undefined on input line 122.


LaTeX Warning: Reference `C6AppI' on page 9 undefined on input line 122.

[9]

LaTeX Warning: Reference `figC7C1' on page 10 undefined on input line 125.


LaTeX Warning: Reference `figC7C1' on page 10 undefined on input line 125.


LaTeX Warning: Reference `figC7C2' on page 10 undefined on input line 125.


LaTeX Warning: Reference `tab8_B_1' on page 10 undefined on input line 125.

[10] <nutshell/figs/fig3_1_4.pdf, id=112, 688.54886pt x 491.97504pt>
File: nutshell/figs/fig3_1_4.pdf Graphic file (type pdf)

<use nutshell/figs/fig3_1_4.pdf>
Package pdftex.def Info: nutshell/figs/fig3_1_4.pdf used on input line 133.
(pdftex.def)             Requested size: 398.33858pt x 284.61754pt.


LaTeX Warning: Float too large for page by 16.3591pt on input line 135.

<nutshell/figs/fig3_2_2.pdf, id=114, 845.1575pt x 597.23125pt>
File: nutshell/figs/fig3_2_2.pdf Graphic file (type pdf)

<use nutshell/figs/fig3_2_2.pdf>
Package pdftex.def Info: nutshell/figs/fig3_2_2.pdf used on input line 137.
(pdftex.def)             Requested size: 426.79134pt x 301.59483pt.


LaTeX Warning: Reference `fig1F3' on page 11 undefined on input line 138.


LaTeX Warning: Reference `fig8_1_2' on page 11 undefined on input line 138.


LaTeX Warning: Reference `eq8_2_1' on page 11 undefined on input line 138.


LaTeX Warning: Reference `eq8_2_3' on page 11 undefined on input line 138.


LaTeX Warning: Reference `fig1F3' on page 11 undefined on input line 138.


LaTeX Warning: Reference `fig8_1_2' on page 11 undefined on input line 138.


LaTeX Warning: Reference `eq8_2_1' on page 11 undefined on input line 138.


LaTeX Warning: Reference `eq8_2_3' on page 11 undefined on input line 138.


LaTeX Warning: Reference `App6H' on page 11 undefined on input line 144.


LaTeX Warning: Reference `tab1E4' on page 11 undefined on input line 148.


LaTeX Warning: Reference `tab1E5' on page 11 undefined on input line 148.


LaTeX Warning: Reference `fig1F1' on page 11 undefined on input line 148.


LaTeX Warning: Reference `fig1F3' on page 11 undefined on input line 151.


LaTeX Warning: Reference `fig1F3' on page 11 undefined on input line 151.

[11] [12 <./nutshell/figs/fig3_1_4.pdf>] [13 <./nutshell/figs/fig3_2_2.pdf, pag
e is rotated 90 degrees>] [14]

LaTeX Warning: Reference `fig1F3' on page 15 undefined on input line 186.

[15]

LaTeX Warning: Reference `C2AppD' on page 16 undefined on input line 195.

[16] <nutshell/figs/fig3_3_1.pdf, id=300, 1353.14015pt x 876.42636pt>
File: nutshell/figs/fig3_3_1.pdf Graphic file (type pdf)

<use nutshell/figs/fig3_3_1.pdf>
Package pdftex.def Info: nutshell/figs/fig3_3_1.pdf used on input line 204.
(pdftex.def)             Requested size: 251.9989pt x 163.21956pt.
 [17]

LaTeX Warning: Reference `eq2.F.5' on page 18 undefined on input line 243.


LaTeX Warning: Reference `C2SF2' on page 18 undefined on input line 243.

[18 <./nutshell/figs/fig3_3_1.pdf>]

LaTeX Warning: Reference `tab8_B_1' on page 19 undefined on input line 247.


LaTeX Warning: Reference `fig8_B_3' on page 19 undefined on input line 247.


LaTeX Warning: Reference `fig1_E8' on page 19 undefined on input line 247.

<nutshell/figs/fig3_3_2.pdf, id=317, 634.90024pt x 387.21806pt>
File: nutshell/figs/fig3_3_2.pdf Graphic file (type pdf)

<use nutshell/figs/fig3_3_2.pdf>
Package pdftex.def Info: nutshell/figs/fig3_3_2.pdf used on input line 249.
(pdftex.def)             Requested size: 426.79134pt x 260.30328pt.


LaTeX Warning: Reference `C8AppB' on page 19 undefined on input line 266.


LaTeX Warning: Reference `tab8_B_1' on page 19 undefined on input line 266.


LaTeX Warning: Reference `eq8_2_1' on page 19 undefined on input line 266.


LaTeX Warning: Reference `eq8_2_3' on page 19 undefined on input line 266.


LaTeX Warning: Reference `C8AppB' on page 19 undefined on input line 266.


LaTeX Warning: Reference `tab8_B_1' on page 19 undefined on input line 266.


LaTeX Warning: Reference `eq8_2_1' on page 19 undefined on input line 266.


LaTeX Warning: Reference `eq8_2_3' on page 19 undefined on input line 266.

[19]

LaTeX Warning: Reference `C7AppC' on page 20 undefined on input line 282.

[20 <./nutshell/figs/fig3_3_2.pdf>]
<nutshell/figs/fig_1.pdf, id=332, 524.80748pt x 414.97548pt>
File: nutshell/figs/fig_1.pdf Graphic file (type pdf)

<use nutshell/figs/fig_1.pdf>
Package pdftex.def Info: nutshell/figs/fig_1.pdf used on input line 364.
(pdftex.def)             Requested size: 180.0pt x 142.33087pt.
 [21]
<nutshell/figs/fig2A2.pdf, id=337, 954.50186pt x 464.59283pt>
File: nutshell/figs/fig2A2.pdf Graphic file (type pdf)

<use nutshell/figs/fig2A2.pdf>
Package pdftex.def Info: nutshell/figs/fig2A2.pdf used on input line 392.
(pdftex.def)             Requested size: 360.0pt x 175.22853pt.

<nutshell/figs/fig2A3x.pdf, id=339, 645.03827pt x 285.59698pt>
File: nutshell/figs/fig2A3x.pdf Graphic file (type pdf)

<use nutshell/figs/fig2A3x.pdf>
Package pdftex.def Info: nutshell/figs/fig2A3x.pdf used on input line 396.
(pdftex.def)             Requested size: 360.0pt x 159.39284pt.


LaTeX Warning: Reference `tab1D1' on page 22 undefined on input line 397.


LaTeX Warning: Reference `tab1D1' on page 22 undefined on input line 397.


LaTeX Warning: Reference `tab1D1' on page 22 undefined on input line 397.


LaTeX Warning: Reference `tab1D1' on page 22 undefined on input line 397.


LaTeX Warning: Reference `tab1D1' on page 22 undefined on input line 399.


LaTeX Warning: Reference `C7' on page 22 undefined on input line 399.


LaTeX Warning: Reference `C8AppD' on page 22 undefined on input line 399.


LaTeX Warning: Reference `C8' on page 22 undefined on input line 399.


LaTeX Warning: Reference `fig8_2_4' on page 22 undefined on input line 399.

[22 <./nutshell/figs/fig_1.pdf>] [23 <./nutshell/figs/fig2A2.pdf> <./nutshell/f
igs/fig2A3x.pdf>]

LaTeX Warning: Reference `tab1D1' on page 24 undefined on input line 402.


LaTeX Warning: Reference `tab1D1' on page 24 undefined on input line 402.

<nutshell/figs/tp_Pb_contributions.pdf, id=411, 497.057pt x 463.33101pt>
File: nutshell/figs/tp_Pb_contributions.pdf Graphic file (type pdf)

<use nutshell/figs/tp_Pb_contributions.pdf>
Package pdftex.def Info: nutshell/figs/tp_Pb_contributions.pdf used on input li
ne 407.
(pdftex.def)             Requested size: 360.0pt x 335.58469pt.


LaTeX Warning: Reference `tab1E2' on page 24 undefined on input line 408.


LaTeX Warning: Reference `tab1E3' on page 24 undefined on input line 408.


LaTeX Warning: Reference `tab1E2' on page 24 undefined on input line 408.


LaTeX Warning: Reference `tab1E3' on page 24 undefined on input line 408.


LaTeX Warning: Reference `tab1E2' on page 24 undefined on input line 411.


LaTeX Warning: Reference `tab1E3' on page 24 undefined on input line 411.


LaTeX Warning: Reference `tab1E2' on page 24 undefined on input line 411.


LaTeX Warning: Reference `fig1F3' on page 24 undefined on input line 411.


Overfull \hbox (22.11394pt too wide) in paragraph at lines 411--412
\OT1/txr/m/n/10.95 par-tic-u-lar, to the pair re-moval mode of $[]$Pb, that is,
 to the re-ac-tion, $[]$Pb$(\OML/txmi/m/it/10.95 t; p\OT1/txr/m/n/10.95 )$$[]$P
b(gs).
 []


LaTeX Warning: Reference `C1S1' on page 24 undefined on input line 414.


LaTeX Warning: Reference `eq1.1.3' on page 24 undefined on input line 414.


LaTeX Warning: Reference `eq1.1.1' on page 24 undefined on input line 414.


LaTeX Warning: Reference `eq1.1.7' on page 24 undefined on input line 414.

[24] [25 <./nutshell/figs/tp_Pb_contributions.pdf>]
<nutshell/figs/fig_2.pdf, id=467, 493.07019pt x 453.15514pt>
File: nutshell/figs/fig_2.pdf Graphic file (type pdf)

<use nutshell/figs/fig_2.pdf>
Package pdftex.def Info: nutshell/figs/fig_2.pdf used on input line 426.
(pdftex.def)             Requested size: 180.0pt x 165.42444pt.

<nutshell/figs/fig_3.pdf, id=469, 493.39532pt x 274.26813pt>
File: nutshell/figs/fig_3.pdf Graphic file (type pdf)

<use nutshell/figs/fig_3.pdf>
Package pdftex.def Info: nutshell/figs/fig_3.pdf used on input line 430.
(pdftex.def)             Requested size: 143.9978pt x 80.0421pt.
 [26 <./nutshell/figs/fig_2.pdf> <./nutshell/figs/fig_3.pdf>] <nutshell/figs/fi
g3B3.pdf, id=495, 474.57298pt x 452.89201pt>
File: nutshell/figs/fig3B3.pdf Graphic file (type pdf)

<use nutshell/figs/fig3B3.pdf>
Package pdftex.def Info: nutshell/figs/fig3B3.pdf used on input line 450.
(pdftex.def)             Requested size: 426.79134pt x 407.29497pt.

<nutshell/figs/fig3B4.pdf, id=497, 485.01201pt x 405.515pt>
File: nutshell/figs/fig3B4.pdf Graphic file (type pdf)

<use nutshell/figs/fig3B4.pdf>
Package pdftex.def Info: nutshell/figs/fig3B4.pdf used on input line 456.
(pdftex.def)             Requested size: 426.79134pt x 356.8419pt.

<nutshell/figs/fig2B3.pdf, id=499, 360.54701pt x 316.38202pt>
File: nutshell/figs/fig2B3.pdf Graphic file (type pdf)

<use nutshell/figs/fig2B3.pdf>
Package pdftex.def Info: nutshell/figs/fig2B3.pdf used on input line 506.
(pdftex.def)             Requested size: 360.0pt x 315.91296pt.
 [27] [28 <./nutshell/figs/fig3B3.pdf>] [29 <./nutshell/figs/fig3B4.pdf>]

LaTeX Warning: Reference `C7AppC' on page 30 undefined on input line 522.


LaTeX Warning: Reference `C7S1' on page 30 undefined on input line 522.


LaTeX Warning: Reference `C7' on page 30 undefined on input line 522.


LaTeX Warning: Reference `C8AppD' on page 30 undefined on input line 522.

[30] [31 <./nutshell/figs/fig2B3.pdf>]

LaTeX Warning: Reference `C1AppDS2' on page 32 undefined on input line 526.

[32] [33] [34]

LaTeX Warning: Reference `fig1.3' on page 35 undefined on input line 670.

[35] [36]

LaTeX Warning: Reference `fig1.3' on page 37 undefined on input line 687.

<nutshell/figs/fig3D1.pdf, id=547, 591.92566pt x 1083.72702pt>
File: nutshell/figs/fig3D1.pdf Graphic file (type pdf)

<use nutshell/figs/fig3D1.pdf>
Package pdftex.def Info: nutshell/figs/fig3D1.pdf used on input line 696.
(pdftex.def)             Requested size: 284.52756pt x 520.9272pt.


LaTeX Warning: Float too large for page by 84.72699pt on input line 698.


LaTeX Warning: Reference `fig1F3' on page 37 undefined on input line 701.

[37] [38 <./nutshell/figs/fig3D1.pdf>]

LaTeX Warning: Reference `fig1E1' on page 39 undefined on input line 710.

[39] <nutshell/figs/fig3_8_1.pdf, id=590, 844.83629pt x 597.432pt>
File: nutshell/figs/fig3_8_1.pdf Graphic file (type pdf)

<use nutshell/figs/fig3_8_1.pdf>
Package pdftex.def Info: nutshell/figs/fig3_8_1.pdf used on input line 723.
(pdftex.def)             Requested size: 360.0pt x 254.57527pt.

<nutshell/figs/fig3_8_2x.pdf, id=592, 597.50786pt x 845.04686pt>
File: nutshell/figs/fig3_8_2x.pdf Graphic file (type pdf)

<use nutshell/figs/fig3_8_2x.pdf>
Package pdftex.def Info: nutshell/figs/fig3_8_2x.pdf used on input line 732.
(pdftex.def)             Requested size: 360.0pt x 509.1467pt.


LaTeX Warning: Reference `fig1F3' on page 40 undefined on input line 735.


LaTeX Warning: Reference `fig1.9.3' on page 40 undefined on input line 747.


LaTeX Warning: Reference `fig8_1_2' on page 40 undefined on input line 747.

[40] [41 <./nutshell/figs/fig3_8_1.pdf>] [42 <./nutshell/figs/fig3_8_2x.pdf>]
<nutshell/figs/fig3_A_1.pdf, id=620, 535.25018pt x 164.9971pt>
File: nutshell/figs/fig3_A_1.pdf Graphic file (type pdf)

<use nutshell/figs/fig3_A_1.pdf>
Package pdftex.def Info: nutshell/figs/fig3_A_1.pdf used on input line 755.
(pdftex.def)             Requested size: 227.62204pt x 70.16689pt.
 [43] [44 <./nutshell/figs/fig3_A_1.pdf>]
[45] <nutshell/figs/fig3_A_2.pdf, id=658, 904.10931pt x 171.41116pt>
File: nutshell/figs/fig3_A_2.pdf Graphic file (type pdf)

<use nutshell/figs/fig3_A_2.pdf>
Package pdftex.def Info: nutshell/figs/fig3_A_2.pdf used on input line 840.
(pdftex.def)             Requested size: 341.43306pt x 64.7315pt.
 [46 <./nutshell/figs/fig3_A_2.pdf>]
<nutshell/figs/fig3_A_3.pdf, id=748, 554.04819pt x 158.54787pt>
File: nutshell/figs/fig3_A_3.pdf Graphic file (type pdf)

<use nutshell/figs/fig3_A_3.pdf>
Package pdftex.def Info: nutshell/figs/fig3_A_3.pdf used on input line 877.
(pdftex.def)             Requested size: 341.43306pt x 97.70593pt.
 [47 <./nutshell/figs/fig3_A_3.pdf>] [48]

LaTeX Warning: Reference `C2AppD' on page 49 undefined on input line 945.


LaTeX Warning: Reference `App1AF' on page 49 undefined on input line 945.


LaTeX Warning: Reference `eq2.F.5' on page 49 undefined on input line 945.

[49] [50] [51] [52] [53] [54]
<nutshell/figs/fig3A4.pdf, id=808, 558.92027pt x 319.05226pt>
File: nutshell/figs/fig3A4.pdf Graphic file (type pdf)

<use nutshell/figs/fig3A4.pdf>
Package pdftex.def Info: nutshell/figs/fig3A4.pdf used on input line 1139.
(pdftex.def)             Requested size: 312.9803pt x 178.66318pt.
 [55 <./nutshell/figs/fig3A4.pdf>]
Overfull \hbox (0.96605pt too wide) in paragraph at lines 1163--1165
\OT1/txr/m/n/10.95 Consequently, the renor-mal-iza-tion ef-fects of the pair-in
g gap as-so-ci-ated with phonon
 []


Overfull \hbox (66.15942pt too wide) in paragraph at lines 1183--1195
[][] 
 []

[56]
Overfull \hbox (14.59737pt too wide) in paragraph at lines 1200--1202
\OT1/txr/m/n/10.95 The bind-ing en-ergy per nu-cleon is $\OML/txmi/m/it/10.95 B
E=A \OT1/txr/m/n/10.95 = 8\OML/txmi/m/it/10.95 :\OT1/txr/m/n/10.95 504$ MeV. Th
us $\OML/txmi/m/it/10.95 BE \OT1/txr/m/n/10.95 = 120 \OMS/txsy/m/n/10.95 ^^B \O
T1/txr/m/n/10.95 8\OML/txmi/m/it/10.95 :\OT1/txr/m/n/10.95 504[] =
 []


Package natbib Warning: Citation `Beck:70' on page 57 undefined on input line 1
206.

<nutshell/figs/fig3B4x.pdf, id=826, 535.3936pt x 912.95235pt>
File: nutshell/figs/fig3B4x.pdf Graphic file (type pdf)

<use nutshell/figs/fig3B4x.pdf>
Package pdftex.def Info: nutshell/figs/fig3B4x.pdf used on input line 1225.
(pdftex.def)             Requested size: 398.33858pt x 679.26575pt.


LaTeX Warning: Float too large for page by 107.06548pt on input line 1227.

<nutshell/figs/Fig3B1.pdf, id=828, 2245.03612pt x 2478.08157pt>
File: nutshell/figs/Fig3B1.pdf Graphic file (type pdf)

<use nutshell/figs/Fig3B1.pdf>
Package pdftex.def Info: nutshell/figs/Fig3B1.pdf used on input line 1234.
(pdftex.def)             Requested size: 426.79134pt x 471.06728pt.
 [57] [58 <./nutshell/figs/fig3B4x.pdf>] [59]
[60 <./nutshell/figs/Fig3B1.pdf>] [61]

LaTeX Warning: Reference `fig2.6.3' on page 62 undefined on input line 1315.


Package natbib Warning: Citation `VanWitsen:14' on page 62 undefined on input l
ine 1315.

[62]
Overfull \hbox (7.23502pt too wide) in paragraph at lines 1321--1322
[]\OT1/txr/m/n/10.95 Within the nu-clear sce-nario, to in-ter-act at profit thr
ough long wave-length medium
 []

<nutshell/figs/fig3B2.pdf, id=963, 1376.22726pt x 670.01195pt>
File: nutshell/figs/fig3B2.pdf Graphic file (type pdf)

<use nutshell/figs/fig3B2.pdf>
Package pdftex.def Info: nutshell/figs/fig3B2.pdf used on input line 1327.
(pdftex.def)             Requested size: 341.43306pt x 166.22462pt.
 [63 <./nutshell/figs/fig3B2.pdf>] [64]
Underfull \vbox (badness 10000) has occurred while \output is active []

 [65]
<nutshell/figs/fig3B3x.pdf, id=989, 597.50786pt x 845.04686pt>
File: nutshell/figs/fig3B3x.pdf Graphic file (type pdf)

<use nutshell/figs/fig3B3x.pdf>
Package pdftex.def Info: nutshell/figs/fig3B3x.pdf used on input line 1371.
(pdftex.def)             Requested size: 483.69684pt x 684.08449pt.


LaTeX Warning: Float too large for page by 111.88422pt on input line 1373.


Overfull \hbox (8.08711pt too wide) in paragraph at lines 1368--1374
\OT1/txr/m/n/10.95 phys-i-cal phe-nomenon: cor-re-la-tion length of two fermion
s in nor-mal $((\OML/txmi/m/it/10.95 pp\OT1/txr/m/n/10.95 )\OML/txmi/m/it/10.95
 ; \OT1/txr/m/n/10.95 (\OML/txmi/m/it/10.95 ph\OT1/txr/m/n/10.95 )\OML/txmi/m/i
t/10.95 ; \OT1/txr/m/n/10.95 (\OML/txmi/m/it/10.95 hh\OT1/txr/m/n/10.95 )$)
 []

[66] [67 <./nutshell/figs/fig3B3x.pdf>]
Underfull \hbox (badness 10000) in paragraph at lines 1409--1409
[]\OT1/txr/m/n/10.95 Table 1.B.1: |Rel-a-tive two--nucleon trans-fer cross sec-
tions
 []


Overfull \hbox (15.75356pt too wide) in paragraph at lines 1424--1425
\OT1/txr/m/n/10.95 In gen-eral, the co-ef-fi-cients $\OML/txmi/m/it/10.95 U[]; 
V[]$ \OT1/txr/m/n/10.95 en-ter-ing the BCS wave-func-tion $[][](\OML/txmi/m/it/
10.95 U[] \OT1/txr/m/n/10.95 + \OML/txmi/m/it/10.95 V[]a[]a[]\OT1/txr/m/n/10.95
 )\OMS/txsy/m/n/10.95 j\OT1/txr/m/n/10.95 0\OMS/txsy/m/n/10.95 i$
 []

[68] [69] [70] [71] [72]

Package natbib Warning: Citation `Matsuo:06' on page 73 undefined on input line
 1505.

[73]
Underfull \vbox (badness 10000) has occurred while \output is active []

 [74]
[75]

LaTeX Warning: Reference `App2A' on page 76 undefined on input line 1544.


LaTeX Warning: Reference `fig2.A.1' on page 76 undefined on input line 1547.


LaTeX Warning: Reference `fig2.A.1' on page 76 undefined on input line 1547.

[76]

LaTeX Warning: Reference `fig3C1' on page 77 undefined on input line 1550.


LaTeX Warning: Reference `fig1.9.1' on page 77 undefined on input line 1550.


LaTeX Warning: Reference `fig2.A.1' on page 77 undefined on input line 1557.


LaTeX Warning: Reference `fig1F3' on page 77 undefined on input line 1557.


LaTeX Warning: Reference `figintro5' on page 77 undefined on input line 1557.


LaTeX Warning: Reference `figintro6x' on page 77 undefined on input line 1557.


LaTeX Warning: Reference `fig8_1_2' on page 77 undefined on input line 1557.

[77] [78] [79] (./nutshell/include_trans_nut.bbl [80

] [81]
LaTeX Font Info:    Try loading font information for OT1+txtt on input line 217
.

(/usr/share/texlive/texmf-dist/tex/latex/txfonts/ot1txtt.fd
File: ot1txtt.fd 2000/12/15 v3.1
) [82]
Missing character: There is no ü in font txr!
 [83] [84]
[85])) [86] (./main_libro.bbl [87


] [88] [89]
Missing character: There is no ü in font txr!
 [90] [91] [92])

Package natbib Warning: There were undefined citations.

[93] (./main_libro.aux (./nutshell/include_trans_nut.aux))

LaTeX Warning: There were undefined references.

 ) 
Here is how much of TeX's memory you used:
 5676 strings out of 493029
 82584 string characters out of 6136234
 161932 words of memory out of 5000000
 9005 multiletter control sequences out of 15000+600000
 63596 words of font info for 151 fonts, out of 8000000 for 9000
 1141 hyphenation exceptions out of 8191
 38i,19n,46p,3382b,529s stack positions out of 5000i,500n,10000p,200000b,80000s
{/usr/share/texlive/texmf-dist/fonts/enc/dvips/base/8r.enc}</usr/share/texliv
e/texmf-dist/fonts/type1/public/txfonts/rtxb.pfb></usr/share/texlive/texmf-dist
/fonts/type1/public/txfonts/rtxi.pfb></usr/share/texlive/texmf-dist/fonts/type1
/public/txfonts/rtxmi.pfb></usr/share/texlive/texmf-dist/fonts/type1/public/txf
onts/rtxr.pfb></usr/share/texlive/texmf-dist/fonts/type1/public/txfonts/rtxsc.p
fb></usr/share/texlive/texmf-dist/fonts/type1/public/txfonts/txex.pfb></usr/sha
re/texlive/texmf-dist/fonts/type1/public/txfonts/txsy.pfb></usr/share/texlive/t
exmf-dist/fonts/type1/public/txfonts/txsya.pfb></usr/share/texlive/texmf-dist/f
onts/type1/public/txfonts/txsyb.pfb></usr/share/texlive/texmf-dist/fonts/type1/
public/txfonts/txsyc.pfb></usr/share/texlive/texmf-dist/fonts/type1/public/txfo
nts/txtt.pfb></usr/share/texlive/texmf-dist/fonts/type1/urw/times/utmb8a.pfb></
usr/share/texlive/texmf-dist/fonts/type1/urw/times/utmr8a.pfb></usr/share/texli
ve/texmf-dist/fonts/type1/urw/times/utmr8a.pfb></usr/share/texlive/texmf-dist/f
onts/type1/urw/times/utmri8a.pfb>
Output written on main_libro.pdf (93 pages, 3294535 bytes).
PDF statistics:
 1187 PDF objects out of 1200 (max. 8388607)
 744 compressed objects within 8 object streams
 0 named destinations out of 1000 (max. 500000)
 298 words of extra memory for PDF output out of 10000 (max. 10000000)

