This is pdfTeX, Version 3.14159265-2.6-1.40.19 (TeX Live 2019/dev/Debian) (preloaded format=pdflatex 2019.7.22)  3 SEP 2019 15:23
entering extended mode
 restricted \write18 enabled.
 %&-line parsing enabled.
**preface.tex
(./preface.tex
LaTeX2e <2018-12-01>
(/usr/share/texlive/texmf-dist/tex/latex/base/book.cls
Document Class: book 2018/09/03 v1.4i Standard LaTeX document class
(/usr/share/texlive/texmf-dist/tex/latex/base/bk11.clo
File: bk11.clo 2018/09/03 v1.4i Standard LaTeX file (size option)
)
\c@part=\count80
\c@chapter=\count81
\c@section=\count82
\c@subsection=\count83
\c@subsubsection=\count84
\c@paragraph=\count85
\c@subparagraph=\count86
\c@figure=\count87
\c@table=\count88
\abovecaptionskip=\skip41
\belowcaptionskip=\skip42
\bibindent=\dimen102
)
(/usr/share/texlive/texmf-dist/tex/latex/doublestroke/dsfont.sty
Package: dsfont 1995/08/01 v0.1 Double stroke roman fonts
)
(./appendix.sty
Package: appendix 2002/08/06 v1.2 extra appendix facilities
\c@@pps=\count89
\c@@ppsavesec=\count90
\c@@ppsaveapp=\count91
) (./slashbox.sty
slashbox style by K.Yasuoka, May 1993.
\@slashboxa=\box27
\@slashboxb=\box28
\@slashboxc=\box29
\@slashboxwd=\count92
\@slashboxht=\count93
\@slashsepl=\dimen103
\@slashsepr=\dimen104
) (/usr/share/texlive/texmf-dist/tex/latex/tools/enumerate.sty
Package: enumerate 2015/07/23 v3.00 enumerate extensions (DPC)
\@enLab=\toks14
)
(/usr/share/texlive/texmf-dist/tex/latex/footmisc/footmisc.sty
Package: footmisc 2011/06/06 v5.5b a miscellany of footnote facilities
\FN@temptoken=\toks15
\footnotemargin=\dimen105
\c@pp@next@reset=\count94
Package footmisc Info: Declaring symbol style bringhurst on input line 855.
Package footmisc Info: Declaring symbol style chicago on input line 863.
Package footmisc Info: Declaring symbol style wiley on input line 872.
Package footmisc Info: Declaring symbol style lamport-robust on input line 883.

Package footmisc Info: Declaring symbol style lamport* on input line 903.
Package footmisc Info: Declaring symbol style lamport*-robust on input line 924
.
)
(/usr/share/texlive/texmf-dist/tex/latex/base/textcomp.sty
Package: textcomp 2018/08/11 v2.0j Standard LaTeX package
Package textcomp Info: Sub-encoding information:
(textcomp)               5 = only ISO-Adobe without \textcurrency
(textcomp)               4 = 5 + \texteuro
(textcomp)               3 = 4 + \textohm
(textcomp)               2 = 3 + \textestimated + \textcurrency
(textcomp)               1 = TS1 - \textcircled - \t
(textcomp)               0 = TS1 (full)
(textcomp)             Font families with sub-encoding setting implement
(textcomp)             only a restricted character set as indicated.
(textcomp)             Family '?' is the default used for unknown fonts.
(textcomp)             See the documentation for details.
Package textcomp Info: Setting ? sub-encoding to TS1/1 on input line 79.

(/usr/share/texlive/texmf-dist/tex/latex/base/ts1enc.def
File: ts1enc.def 2001/06/05 v3.0e (jk/car/fm) Standard LaTeX file
Now handling font encoding TS1 ...
... processing UTF-8 mapping file for font encoding TS1

(/usr/share/texlive/texmf-dist/tex/latex/base/ts1enc.dfu
File: ts1enc.dfu 2018/10/05 v1.2f UTF-8 support for inputenc
   defining Unicode char U+00A2 (decimal 162)
   defining Unicode char U+00A3 (decimal 163)
   defining Unicode char U+00A4 (decimal 164)
   defining Unicode char U+00A5 (decimal 165)
   defining Unicode char U+00A6 (decimal 166)
   defining Unicode char U+00A7 (decimal 167)
   defining Unicode char U+00A8 (decimal 168)
   defining Unicode char U+00A9 (decimal 169)
   defining Unicode char U+00AA (decimal 170)
   defining Unicode char U+00AC (decimal 172)
   defining Unicode char U+00AE (decimal 174)
   defining Unicode char U+00AF (decimal 175)
   defining Unicode char U+00B0 (decimal 176)
   defining Unicode char U+00B1 (decimal 177)
   defining Unicode char U+00B2 (decimal 178)
   defining Unicode char U+00B3 (decimal 179)
   defining Unicode char U+00B4 (decimal 180)
   defining Unicode char U+00B5 (decimal 181)
   defining Unicode char U+00B6 (decimal 182)
   defining Unicode char U+00B7 (decimal 183)
   defining Unicode char U+00B9 (decimal 185)
   defining Unicode char U+00BA (decimal 186)
   defining Unicode char U+00BC (decimal 188)
   defining Unicode char U+00BD (decimal 189)
   defining Unicode char U+00BE (decimal 190)
   defining Unicode char U+00D7 (decimal 215)
   defining Unicode char U+00F7 (decimal 247)
   defining Unicode char U+0192 (decimal 402)
   defining Unicode char U+02C7 (decimal 711)
   defining Unicode char U+02D8 (decimal 728)
   defining Unicode char U+02DD (decimal 733)
   defining Unicode char U+0E3F (decimal 3647)
   defining Unicode char U+2016 (decimal 8214)
   defining Unicode char U+2020 (decimal 8224)
   defining Unicode char U+2021 (decimal 8225)
   defining Unicode char U+2022 (decimal 8226)
   defining Unicode char U+2030 (decimal 8240)
   defining Unicode char U+2031 (decimal 8241)
   defining Unicode char U+203B (decimal 8251)
   defining Unicode char U+203D (decimal 8253)
   defining Unicode char U+2044 (decimal 8260)
   defining Unicode char U+204E (decimal 8270)
   defining Unicode char U+2052 (decimal 8274)
   defining Unicode char U+20A1 (decimal 8353)
   defining Unicode char U+20A4 (decimal 8356)
   defining Unicode char U+20A6 (decimal 8358)
   defining Unicode char U+20A9 (decimal 8361)
   defining Unicode char U+20AB (decimal 8363)
   defining Unicode char U+20AC (decimal 8364)
   defining Unicode char U+20B1 (decimal 8369)
   defining Unicode char U+2103 (decimal 8451)
   defining Unicode char U+2116 (decimal 8470)
   defining Unicode char U+2117 (decimal 8471)
   defining Unicode char U+211E (decimal 8478)
   defining Unicode char U+2120 (decimal 8480)
   defining Unicode char U+2122 (decimal 8482)
   defining Unicode char U+2126 (decimal 8486)
   defining Unicode char U+2127 (decimal 8487)
   defining Unicode char U+212E (decimal 8494)
   defining Unicode char U+2190 (decimal 8592)
   defining Unicode char U+2191 (decimal 8593)
   defining Unicode char U+2192 (decimal 8594)
   defining Unicode char U+2193 (decimal 8595)
   defining Unicode char U+2329 (decimal 9001)
   defining Unicode char U+232A (decimal 9002)
   defining Unicode char U+2422 (decimal 9250)
   defining Unicode char U+25E6 (decimal 9702)
   defining Unicode char U+25EF (decimal 9711)
   defining Unicode char U+266A (decimal 9834)
   defining Unicode char U+FEFF (decimal 65279)
))
LaTeX Info: Redefining \oldstylenums on input line 334.
Package textcomp Info: Setting cmr sub-encoding to TS1/0 on input line 349.
Package textcomp Info: Setting cmss sub-encoding to TS1/0 on input line 350.
Package textcomp Info: Setting cmtt sub-encoding to TS1/0 on input line 351.
Package textcomp Info: Setting cmvtt sub-encoding to TS1/0 on input line 352.
Package textcomp Info: Setting cmbr sub-encoding to TS1/0 on input line 353.
Package textcomp Info: Setting cmtl sub-encoding to TS1/0 on input line 354.
Package textcomp Info: Setting ccr sub-encoding to TS1/0 on input line 355.
Package textcomp Info: Setting ptm sub-encoding to TS1/4 on input line 356.
Package textcomp Info: Setting pcr sub-encoding to TS1/4 on input line 357.
Package textcomp Info: Setting phv sub-encoding to TS1/4 on input line 358.
Package textcomp Info: Setting ppl sub-encoding to TS1/3 on input line 359.
Package textcomp Info: Setting pag sub-encoding to TS1/4 on input line 360.
Package textcomp Info: Setting pbk sub-encoding to TS1/4 on input line 361.
Package textcomp Info: Setting pnc sub-encoding to TS1/4 on input line 362.
Package textcomp Info: Setting pzc sub-encoding to TS1/4 on input line 363.
Package textcomp Info: Setting bch sub-encoding to TS1/4 on input line 364.
Package textcomp Info: Setting put sub-encoding to TS1/5 on input line 365.
Package textcomp Info: Setting uag sub-encoding to TS1/5 on input line 366.
Package textcomp Info: Setting ugq sub-encoding to TS1/5 on input line 367.
Package textcomp Info: Setting ul8 sub-encoding to TS1/4 on input line 368.
Package textcomp Info: Setting ul9 sub-encoding to TS1/4 on input line 369.
Package textcomp Info: Setting augie sub-encoding to TS1/5 on input line 370.
Package textcomp Info: Setting dayrom sub-encoding to TS1/3 on input line 371.
Package textcomp Info: Setting dayroms sub-encoding to TS1/3 on input line 372.

Package textcomp Info: Setting pxr sub-encoding to TS1/0 on input line 373.
Package textcomp Info: Setting pxss sub-encoding to TS1/0 on input line 374.
Package textcomp Info: Setting pxtt sub-encoding to TS1/0 on input line 375.
Package textcomp Info: Setting txr sub-encoding to TS1/0 on input line 376.
Package textcomp Info: Setting txss sub-encoding to TS1/0 on input line 377.
Package textcomp Info: Setting txtt sub-encoding to TS1/0 on input line 378.
Package textcomp Info: Setting lmr sub-encoding to TS1/0 on input line 379.
Package textcomp Info: Setting lmdh sub-encoding to TS1/0 on input line 380.
Package textcomp Info: Setting lmss sub-encoding to TS1/0 on input line 381.
Package textcomp Info: Setting lmssq sub-encoding to TS1/0 on input line 382.
Package textcomp Info: Setting lmvtt sub-encoding to TS1/0 on input line 383.
Package textcomp Info: Setting lmtt sub-encoding to TS1/0 on input line 384.
Package textcomp Info: Setting qhv sub-encoding to TS1/0 on input line 385.
Package textcomp Info: Setting qag sub-encoding to TS1/0 on input line 386.
Package textcomp Info: Setting qbk sub-encoding to TS1/0 on input line 387.
Package textcomp Info: Setting qcr sub-encoding to TS1/0 on input line 388.
Package textcomp Info: Setting qcs sub-encoding to TS1/0 on input line 389.
Package textcomp Info: Setting qpl sub-encoding to TS1/0 on input line 390.
Package textcomp Info: Setting qtm sub-encoding to TS1/0 on input line 391.
Package textcomp Info: Setting qzc sub-encoding to TS1/0 on input line 392.
Package textcomp Info: Setting qhvc sub-encoding to TS1/0 on input line 393.
Package textcomp Info: Setting futs sub-encoding to TS1/4 on input line 394.
Package textcomp Info: Setting futx sub-encoding to TS1/4 on input line 395.
Package textcomp Info: Setting futj sub-encoding to TS1/4 on input line 396.
Package textcomp Info: Setting hlh sub-encoding to TS1/3 on input line 397.
Package textcomp Info: Setting hls sub-encoding to TS1/3 on input line 398.
Package textcomp Info: Setting hlst sub-encoding to TS1/3 on input line 399.
Package textcomp Info: Setting hlct sub-encoding to TS1/5 on input line 400.
Package textcomp Info: Setting hlx sub-encoding to TS1/5 on input line 401.
Package textcomp Info: Setting hlce sub-encoding to TS1/5 on input line 402.
Package textcomp Info: Setting hlcn sub-encoding to TS1/5 on input line 403.
Package textcomp Info: Setting hlcw sub-encoding to TS1/5 on input line 404.
Package textcomp Info: Setting hlcf sub-encoding to TS1/5 on input line 405.
Package textcomp Info: Setting pplx sub-encoding to TS1/3 on input line 406.
Package textcomp Info: Setting pplj sub-encoding to TS1/3 on input line 407.
Package textcomp Info: Setting ptmx sub-encoding to TS1/4 on input line 408.
Package textcomp Info: Setting ptmj sub-encoding to TS1/4 on input line 409.
)
(/usr/share/texlive/texmf-dist/tex/latex/graphics/epsfig.sty
Package: epsfig 2017/06/25 v1.7b (e)psfig emulation (SPQR)

(/usr/share/texlive/texmf-dist/tex/latex/graphics/graphicx.sty
Package: graphicx 2017/06/01 v1.1a Enhanced LaTeX Graphics (DPC,SPQR)

(/usr/share/texlive/texmf-dist/tex/latex/graphics/keyval.sty
Package: keyval 2014/10/28 v1.15 key=value parser (DPC)
\KV@toks@=\toks16
)
(/usr/share/texlive/texmf-dist/tex/latex/graphics/graphics.sty
Package: graphics 2017/06/25 v1.2c Standard LaTeX Graphics (DPC,SPQR)

(/usr/share/texlive/texmf-dist/tex/latex/graphics/trig.sty
Package: trig 2016/01/03 v1.10 sin cos tan (DPC)
)
(/usr/share/texlive/texmf-dist/tex/latex/graphics-cfg/graphics.cfg
File: graphics.cfg 2016/06/04 v1.11 sample graphics configuration
)
Package graphics Info: Driver file: pdftex.def on input line 99.

(/usr/share/texlive/texmf-dist/tex/latex/graphics-def/pdftex.def
File: pdftex.def 2018/01/08 v1.0l Graphics/color driver for pdftex
))
\Gin@req@height=\dimen106
\Gin@req@width=\dimen107
)
\epsfxsize=\dimen108
\epsfysize=\dimen109
)
(/usr/share/texlive/texmf-dist/tex/latex/amsmath/amsmath.sty
Package: amsmath 2018/12/01 v2.17b AMS math features
\@mathmargin=\skip43

For additional information on amsmath, use the `?' option.
(/usr/share/texlive/texmf-dist/tex/latex/amsmath/amstext.sty
Package: amstext 2000/06/29 v2.01 AMS text

(/usr/share/texlive/texmf-dist/tex/latex/amsmath/amsgen.sty
File: amsgen.sty 1999/11/30 v2.0 generic functions
\@emptytoks=\toks17
\ex@=\dimen110
))
(/usr/share/texlive/texmf-dist/tex/latex/amsmath/amsbsy.sty
Package: amsbsy 1999/11/29 v1.2d Bold Symbols
\pmbraise@=\dimen111
)
(/usr/share/texlive/texmf-dist/tex/latex/amsmath/amsopn.sty
Package: amsopn 2016/03/08 v2.02 operator names
)
\inf@bad=\count95
LaTeX Info: Redefining \frac on input line 223.
\uproot@=\count96
\leftroot@=\count97
LaTeX Info: Redefining \overline on input line 385.
\classnum@=\count98
\DOTSCASE@=\count99
LaTeX Info: Redefining \ldots on input line 482.
LaTeX Info: Redefining \dots on input line 485.
LaTeX Info: Redefining \cdots on input line 606.
\Mathstrutbox@=\box30
\strutbox@=\box31
\big@size=\dimen112
LaTeX Font Info:    Redeclaring font encoding OML on input line 729.
LaTeX Font Info:    Redeclaring font encoding OMS on input line 730.
\macc@depth=\count100
\c@MaxMatrixCols=\count101
\dotsspace@=\muskip10
\c@parentequation=\count102
\dspbrk@lvl=\count103
\tag@help=\toks18
\row@=\count104
\column@=\count105
\maxfields@=\count106
\andhelp@=\toks19
\eqnshift@=\dimen113
\alignsep@=\dimen114
\tagshift@=\dimen115
\tagwidth@=\dimen116
\totwidth@=\dimen117
\lineht@=\dimen118
\@envbody=\toks20
\multlinegap=\skip44
\multlinetaggap=\skip45
\mathdisplay@stack=\toks21
LaTeX Info: Redefining \[ on input line 2844.
LaTeX Info: Redefining \] on input line 2845.
)
(/usr/share/texlive/texmf-dist/tex/latex/amsfonts/amsfonts.sty
Package: amsfonts 2013/01/14 v3.01 Basic AMSFonts support
\symAMSa=\mathgroup4
\symAMSb=\mathgroup5
LaTeX Font Info:    Overwriting math alphabet `\mathfrak' in version `bold'
(Font)                  U/euf/m/n --> U/euf/b/n on input line 106.
)
(/usr/share/texlive/texmf-dist/tex/latex/amsfonts/amssymb.sty
Package: amssymb 2013/01/14 v3.01 AMS font symbols
)
(/usr/share/texlive/texmf-dist/tex/latex/bbold/bbold.sty
Package: bbold 1994/04/06 Bbold symbol package
LaTeX Font Info:    Redeclaring math alphabet \mathbb on input line 42.
)
(/usr/share/texlive/texmf-dist/tex/latex/bbm-macros/bbm.sty
Package: bbm 1999/03/15 V 1.2 provides fonts for set symbols - TH
LaTeX Font Info:    Overwriting math alphabet `\mathbbm' in version `bold'
(Font)                  U/bbm/m/n --> U/bbm/bx/n on input line 33.
LaTeX Font Info:    Overwriting math alphabet `\mathbbmss' in version `bold'
(Font)                  U/bbmss/m/n --> U/bbmss/bx/n on input line 35.
)
\fmbox=\box32

(/usr/share/texlive/texmf-dist/tex/latex/base/latexsym.sty
Package: latexsym 1998/08/17 v2.2e Standard LaTeX package (lasy symbols)
\symlasy=\mathgroup6
LaTeX Font Info:    Overwriting symbol font `lasy' in version `bold'
(Font)                  U/lasy/m/n --> U/lasy/b/n on input line 52.
)
(/usr/share/texlive/texmf-dist/tex/latex/txfonts/txfonts.sty
Package: txfonts 2008/01/22 v3.2.1
LaTeX Font Info:    Redeclaring symbol font `operators' on input line 21.
LaTeX Font Info:    Overwriting symbol font `operators' in version `normal'
(Font)                  OT1/cmr/m/n --> OT1/txr/m/n on input line 21.
LaTeX Font Info:    Overwriting symbol font `operators' in version `bold'
(Font)                  OT1/cmr/bx/n --> OT1/txr/m/n on input line 21.
LaTeX Font Info:    Overwriting symbol font `operators' in version `bold'
(Font)                  OT1/txr/m/n --> OT1/txr/bx/n on input line 22.
\symitalic=\mathgroup7
LaTeX Font Info:    Overwriting symbol font `italic' in version `bold'
(Font)                  OT1/txr/m/it --> OT1/txr/bx/it on input line 26.
LaTeX Font Info:    Redeclaring math alphabet \mathbf on input line 29.
LaTeX Font Info:    Overwriting math alphabet `\mathbf' in version `normal'
(Font)                  OT1/cmr/bx/n --> OT1/txr/bx/n on input line 29.
LaTeX Font Info:    Overwriting math alphabet `\mathbf' in version `bold'
(Font)                  OT1/cmr/bx/n --> OT1/txr/bx/n on input line 29.
LaTeX Font Info:    Redeclaring math alphabet \mathit on input line 30.
LaTeX Font Info:    Overwriting math alphabet `\mathit' in version `normal'
(Font)                  OT1/cmr/m/it --> OT1/txr/m/it on input line 30.
LaTeX Font Info:    Overwriting math alphabet `\mathit' in version `bold'
(Font)                  OT1/cmr/bx/it --> OT1/txr/m/it on input line 30.
LaTeX Font Info:    Overwriting math alphabet `\mathit' in version `bold'
(Font)                  OT1/txr/m/it --> OT1/txr/bx/it on input line 31.
LaTeX Font Info:    Redeclaring math alphabet \mathsf on input line 40.
LaTeX Font Info:    Overwriting math alphabet `\mathsf' in version `normal'
(Font)                  OT1/cmss/m/n --> OT1/txss/m/n on input line 40.
LaTeX Font Info:    Overwriting math alphabet `\mathsf' in version `bold'
(Font)                  OT1/cmss/bx/n --> OT1/txss/m/n on input line 40.
LaTeX Font Info:    Overwriting math alphabet `\mathsf' in version `bold'
(Font)                  OT1/txss/m/n --> OT1/txss/b/n on input line 41.
LaTeX Font Info:    Redeclaring math alphabet \mathtt on input line 50.
LaTeX Font Info:    Overwriting math alphabet `\mathtt' in version `normal'
(Font)                  OT1/cmtt/m/n --> OT1/txtt/m/n on input line 50.
LaTeX Font Info:    Overwriting math alphabet `\mathtt' in version `bold'
(Font)                  OT1/cmtt/m/n --> OT1/txtt/m/n on input line 50.
LaTeX Font Info:    Overwriting math alphabet `\mathtt' in version `bold'
(Font)                  OT1/txtt/m/n --> OT1/txtt/b/n on input line 51.
LaTeX Font Info:    Redeclaring symbol font `letters' on input line 58.
LaTeX Font Info:    Overwriting symbol font `letters' in version `normal'
(Font)                  OML/cmm/m/it --> OML/txmi/m/it on input line 58.
LaTeX Font Info:    Overwriting symbol font `letters' in version `bold'
(Font)                  OML/cmm/b/it --> OML/txmi/m/it on input line 58.
LaTeX Font Info:    Overwriting symbol font `letters' in version `bold'
(Font)                  OML/txmi/m/it --> OML/txmi/bx/it on input line 59.
\symlettersA=\mathgroup8
LaTeX Font Info:    Overwriting symbol font `lettersA' in version `bold'
(Font)                  U/txmia/m/it --> U/txmia/bx/it on input line 67.
LaTeX Font Info:    Redeclaring math alphabet \mathfrak on input line 70.
LaTeX Font Info:    Redeclaring symbol font `symbols' on input line 77.
LaTeX Font Info:    Overwriting symbol font `symbols' in version `normal'
(Font)                  OMS/cmsy/m/n --> OMS/txsy/m/n on input line 77.
LaTeX Font Info:    Overwriting symbol font `symbols' in version `bold'
(Font)                  OMS/cmsy/b/n --> OMS/txsy/m/n on input line 77.
LaTeX Font Info:    Overwriting symbol font `symbols' in version `bold'
(Font)                  OMS/txsy/m/n --> OMS/txsy/bx/n on input line 78.
LaTeX Font Info:    Redeclaring symbol font `AMSa' on input line 93.
LaTeX Font Info:    Overwriting symbol font `AMSa' in version `normal'
(Font)                  U/msa/m/n --> U/txsya/m/n on input line 93.
LaTeX Font Info:    Overwriting symbol font `AMSa' in version `bold'
(Font)                  U/msa/m/n --> U/txsya/m/n on input line 93.
LaTeX Font Info:    Overwriting symbol font `AMSa' in version `bold'
(Font)                  U/txsya/m/n --> U/txsya/bx/n on input line 94.
LaTeX Font Info:    Redeclaring symbol font `AMSb' on input line 102.
LaTeX Font Info:    Overwriting symbol font `AMSb' in version `normal'
(Font)                  U/msb/m/n --> U/txsyb/m/n on input line 102.
LaTeX Font Info:    Overwriting symbol font `AMSb' in version `bold'
(Font)                  U/msb/m/n --> U/txsyb/m/n on input line 102.
LaTeX Font Info:    Overwriting symbol font `AMSb' in version `bold'
(Font)                  U/txsyb/m/n --> U/txsyb/bx/n on input line 103.
LaTeX Font Info:    Redeclaring math alphabet \mathbb on input line 106.
\symsymbolsC=\mathgroup9
LaTeX Font Info:    Overwriting symbol font `symbolsC' in version `bold'
(Font)                  U/txsyc/m/n --> U/txsyc/bx/n on input line 113.
LaTeX Font Info:    Redeclaring symbol font `largesymbols' on input line 120.
LaTeX Font Info:    Overwriting symbol font `largesymbols' in version `normal'
(Font)                  OMX/cmex/m/n --> OMX/txex/m/n on input line 120.
LaTeX Font Info:    Overwriting symbol font `largesymbols' in version `bold'
(Font)                  OMX/cmex/m/n --> OMX/txex/m/n on input line 120.
LaTeX Font Info:    Overwriting symbol font `largesymbols' in version `bold'
(Font)                  OMX/txex/m/n --> OMX/txex/bx/n on input line 121.
\symlargesymbolsA=\mathgroup10
LaTeX Font Info:    Overwriting symbol font `largesymbolsA' in version `bold'
(Font)                  U/txexa/m/n --> U/txexa/bx/n on input line 129.
LaTeX Info: Redefining \not on input line 1043.
)
(/usr/share/texlive/texmf-dist/tex/latex/jknapltx/mathrsfs.sty
Package: mathrsfs 1996/01/01 Math RSFS package v1.0 (jk)
\symrsfs=\mathgroup11
)
(/usr/share/texlive/texmf-dist/tex/latex/was/upgreek.sty
Package: upgreek 2003/02/12 v2.0 (WaS)
Package upgreek Info: Using Euler Roman for upright Greek on input line 31.
\symugrf@m=\mathgroup12
LaTeX Font Info:    Overwriting symbol font `ugrf@m' in version `bold'
(Font)                  U/eur/m/n --> U/eur/b/n on input line 38.
)
(/usr/share/texlive/texmf-dist/tex/latex/natbib/natbib.sty
Package: natbib 2010/09/13 8.31b (PWD, AO)
\bibhang=\skip46
\bibsep=\skip47
LaTeX Info: Redefining \cite on input line 694.
\c@NAT@ctr=\count107
)
(/usr/share/texlive/texmf-dist/tex/latex/tools/verbatim.sty
Package: verbatim 2014/10/28 v1.5q LaTeX2e package for verbatim enhancements
\every@verbatim=\toks22
\verbatim@line=\toks23
\verbatim@in@stream=\read1
)
(/usr/share/texlive/texmf-dist/tex/latex/tools/array.sty
Package: array 2018/12/30 v2.4k Tabular extension package (FMi)
\col@sep=\dimen119
\ar@mcellbox=\box33
\extrarowheight=\dimen120
\NC@list=\toks24
\extratabsurround=\skip48
\backup@length=\skip49
\ar@cellbox=\box34
)
(/usr/share/texlive/texmf-dist/tex/latex/graphics/color.sty
Package: color 2016/07/10 v1.1e Standard LaTeX Color (DPC)

(/usr/share/texlive/texmf-dist/tex/latex/graphics-cfg/color.cfg
File: color.cfg 2016/01/02 v1.6 sample color configuration
)
Package color Info: Driver file: pdftex.def on input line 147.
)
(/usr/share/texlive/texmf-dist/tex/latex/caption/caption.sty
Package: caption 2018/10/06 v3.3-154 Customizing captions (AR)

(/usr/share/texlive/texmf-dist/tex/latex/caption/caption3.sty
Package: caption3 2018/09/12 v1.8c caption3 kernel (AR)
Package caption3 Info: TeX engine: e-TeX on input line 64.
\captionmargin=\dimen121
\captionmargin@=\dimen122
\captionwidth=\dimen123
\caption@tempdima=\dimen124
\caption@indent=\dimen125
\caption@parindent=\dimen126
\caption@hangindent=\dimen127
)
\c@caption@flags=\count108
\c@ContinuedFloat=\count109
) (./preface.aux)
\openout1 = `preface.aux'.

LaTeX Font Info:    Checking defaults for OML/txmi/m/it on input line 56.
LaTeX Font Info:    Try loading font information for OML+txmi on input line 56.

(/usr/share/texlive/texmf-dist/tex/latex/txfonts/omltxmi.fd
File: omltxmi.fd 2000/12/15 v3.1
)
LaTeX Font Info:    ... okay on input line 56.
LaTeX Font Info:    Checking defaults for T1/cmr/m/n on input line 56.
LaTeX Font Info:    ... okay on input line 56.
LaTeX Font Info:    Checking defaults for OT1/cmr/m/n on input line 56.
LaTeX Font Info:    ... okay on input line 56.
LaTeX Font Info:    Checking defaults for OMS/txsy/m/n on input line 56.
LaTeX Font Info:    Try loading font information for OMS+txsy on input line 56.


(/usr/share/texlive/texmf-dist/tex/latex/txfonts/omstxsy.fd
File: omstxsy.fd 2000/12/15 v3.1
)
LaTeX Font Info:    ... okay on input line 56.
LaTeX Font Info:    Checking defaults for OMX/txex/m/n on input line 56.
LaTeX Font Info:    Try loading font information for OMX+txex on input line 56.


(/usr/share/texlive/texmf-dist/tex/latex/txfonts/omxtxex.fd
File: omxtxex.fd 2000/12/15 v3.1
)
LaTeX Font Info:    ... okay on input line 56.
LaTeX Font Info:    Checking defaults for U/txexa/m/n on input line 56.
LaTeX Font Info:    Try loading font information for U+txexa on input line 56.

(/usr/share/texlive/texmf-dist/tex/latex/txfonts/utxexa.fd
File: utxexa.fd 2000/12/15 v3.1
)
LaTeX Font Info:    ... okay on input line 56.
LaTeX Font Info:    Checking defaults for TS1/cmr/m/n on input line 56.
LaTeX Font Info:    Try loading font information for TS1+cmr on input line 56.

(/usr/share/texlive/texmf-dist/tex/latex/base/ts1cmr.fd
File: ts1cmr.fd 2014/09/29 v2.5h Standard LaTeX font definitions
)
LaTeX Font Info:    ... okay on input line 56.
LaTeX Font Info:    Try loading font information for OT1+txr on input line 56.

(/usr/share/texlive/texmf-dist/tex/latex/txfonts/ot1txr.fd
File: ot1txr.fd 2000/12/15 v3.1
)
(/usr/share/texlive/texmf-dist/tex/context/base/mkii/supp-pdf.mkii
[Loading MPS to PDF converter (version 2006.09.02).]
\scratchcounter=\count110
\scratchdimen=\dimen128
\scratchbox=\box35
\nofMPsegments=\count111
\nofMParguments=\count112
\everyMPshowfont=\toks25
\MPscratchCnt=\count113
\MPscratchDim=\dimen129
\MPnumerator=\count114
\makeMPintoPDFobject=\count115
\everyMPtoPDFconversion=\toks26
) (/usr/share/texlive/texmf-dist/tex/latex/oberdiek/epstopdf-base.sty
Package: epstopdf-base 2016/05/15 v2.6 Base part for package epstopdf

(/usr/share/texlive/texmf-dist/tex/generic/oberdiek/infwarerr.sty
Package: infwarerr 2016/05/16 v1.4 Providing info/warning/error messages (HO)
)
(/usr/share/texlive/texmf-dist/tex/latex/oberdiek/grfext.sty
Package: grfext 2016/05/16 v1.2 Manage graphics extensions (HO)

(/usr/share/texlive/texmf-dist/tex/generic/oberdiek/kvdefinekeys.sty
Package: kvdefinekeys 2016/05/16 v1.4 Define keys (HO)

(/usr/share/texlive/texmf-dist/tex/generic/oberdiek/ltxcmds.sty
Package: ltxcmds 2016/05/16 v1.23 LaTeX kernel commands for general use (HO)
)))
(/usr/share/texlive/texmf-dist/tex/latex/oberdiek/kvoptions.sty
Package: kvoptions 2016/05/16 v3.12 Key value format for package options (HO)

(/usr/share/texlive/texmf-dist/tex/generic/oberdiek/kvsetkeys.sty
Package: kvsetkeys 2016/05/16 v1.17 Key value parser (HO)

(/usr/share/texlive/texmf-dist/tex/generic/oberdiek/etexcmds.sty
Package: etexcmds 2016/05/16 v1.6 Avoid name clashes with e-TeX commands (HO)

(/usr/share/texlive/texmf-dist/tex/generic/oberdiek/ifluatex.sty
Package: ifluatex 2016/05/16 v1.4 Provides the ifluatex switch (HO)
Package ifluatex Info: LuaTeX not detected.
))))
(/usr/share/texlive/texmf-dist/tex/generic/oberdiek/pdftexcmds.sty
Package: pdftexcmds 2018/09/10 v0.29 Utility functions of pdfTeX for LuaTeX (HO
)

(/usr/share/texlive/texmf-dist/tex/generic/oberdiek/ifpdf.sty
Package: ifpdf 2018/09/07 v3.3 Provides the ifpdf switch
)
Package pdftexcmds Info: LuaTeX not detected.
Package pdftexcmds Info: \pdf@primitive is available.
Package pdftexcmds Info: \pdf@ifprimitive is available.
Package pdftexcmds Info: \pdfdraftmode found.
)
Package epstopdf-base Info: Redefining graphics rule for `.eps' on input line 4
38.
Package grfext Info: Graphics extension search list:
(grfext)             [.pdf,.png,.jpg,.mps,.jpeg,.jbig2,.jb2,.PDF,.PNG,.JPG,.JPE
G,.JBIG2,.JB2,.eps]
(grfext)             \AppendGraphicsExtensions on input line 456.

(/usr/share/texlive/texmf-dist/tex/latex/latexconfig/epstopdf-sys.cfg
File: epstopdf-sys.cfg 2010/07/13 v1.3 Configuration of (r)epstopdf for TeX Liv
e
))
Package caption Info: Begin \AtBeginDocument code.
Package caption Info: End \AtBeginDocument code.

Chapter 1.
LaTeX Font Info:    Try loading font information for U+txsya on input line 59.
(/usr/share/texlive/texmf-dist/tex/latex/txfonts/utxsya.fd
File: utxsya.fd 2000/12/15 v3.1
)
LaTeX Font Info:    Try loading font information for U+txsyb on input line 59.

(/usr/share/texlive/texmf-dist/tex/latex/txfonts/utxsyb.fd
File: utxsyb.fd 2000/12/15 v3.1
)
LaTeX Font Info:    Try loading font information for U+lasy on input line 59.

(/usr/share/texlive/texmf-dist/tex/latex/base/ulasy.fd
File: ulasy.fd 1998/08/17 v2.2e LaTeX symbol font definitions
)
LaTeX Font Info:    Try loading font information for U+txmia on input line 59.

(/usr/share/texlive/texmf-dist/tex/latex/txfonts/utxmia.fd
File: utxmia.fd 2000/12/15 v3.1
)
LaTeX Font Info:    Try loading font information for U+txsyc on input line 59.

(/usr/share/texlive/texmf-dist/tex/latex/txfonts/utxsyc.fd
File: utxsyc.fd 2000/12/15 v3.1
)
LaTeX Font Info:    Try loading font information for U+rsfs on input line 59.

(/usr/share/texlive/texmf-dist/tex/latex/jknapltx/ursfs.fd
File: ursfs.fd 1998/03/24 rsfs font definition file (jk)
) [1


{/var/lib/texmf/fonts/map/pdftex/updmap/pdftex.map}]
Overfull \hbox (3.00276pt too wide) in paragraph at lines 85--87
\OT1/txr/m/n/10.95 The last term of (1.1.2[]) is the Coulomb en-ergy cor-re-spo
nd-ing to a uni-formly charged
 []

[2] [3]
<introduccion/figs/figpreface1.pdf, id=21, 579.6315pt x 392.73915pt>
File: introduccion/figs/figpreface1.pdf Graphic file (type pdf)
<use introduccion/figs/figpreface1.pdf>
Package pdftex.def Info: introduccion/figs/figpreface1.pdf  used on input line 
145.
(pdftex.def)             Requested size: 569.05511pt x 385.57089pt.
<introduccion/figs/figpreface2x.pdf, id=23, 758.92206pt x 602.57072pt>
File: introduccion/figs/figpreface2x.pdf Graphic file (type pdf)
<use introduccion/figs/figpreface2x.pdf>
Package pdftex.def Info: introduccion/figs/figpreface2x.pdf  used on input line
 152.
(pdftex.def)             Requested size: 455.24408pt x 361.45328pt.
<introduccion/figs/figpreface3.pdf, id=25, 431.93062pt x 398.80687pt>
File: introduccion/figs/figpreface3.pdf Graphic file (type pdf)
<use introduccion/figs/figpreface3.pdf>
Package pdftex.def Info: introduccion/figs/figpreface3.pdf  used on input line 
159.
(pdftex.def)             Requested size: 341.43306pt x 315.26086pt.
<introduccion/figs/figpreface4.pdf, id=27, 496.71286pt x 187.13368pt>
File: introduccion/figs/figpreface4.pdf Graphic file (type pdf)
<use introduccion/figs/figpreface4.pdf>
Package pdftex.def Info: introduccion/figs/figpreface4.pdf  used on input line 
166.
(pdftex.def)             Requested size: 341.43306pt x 128.63695pt.
 [4] [5 <./introduccion/figs/figpreface1.pdf>] [6 <./introduccion/figs/figprefa
ce2x.pdf>] [7 <./introduccion/figs/figpreface3.pdf>] [8 <./introduccion/figs/fi
gpreface4.pdf>]
<introduccion/figs/figpreface5.pdf, id=103, 482.37358pt x 333.27628pt>
File: introduccion/figs/figpreface5.pdf Graphic file (type pdf)
<use introduccion/figs/figpreface5.pdf>
Package pdftex.def Info: introduccion/figs/figpreface5.pdf  used on input line 
236.
(pdftex.def)             Requested size: 284.52756pt x 196.5906pt.


LaTeX Warning: Reference `Sect 2.7' on page 9 undefined on input line 244.

[9] [10 <./introduccion/figs/figpreface5.pdf>]
<introduccion/figs/figpreface6.pdf, id=116, 598.07687pt x 845.61588pt>
File: introduccion/figs/figpreface6.pdf Graphic file (type pdf)
<use introduccion/figs/figpreface6.pdf>
Package pdftex.def Info: introduccion/figs/figpreface6.pdf  used on input line 
260.
(pdftex.def)             Requested size: 341.43306pt x 482.75444pt.
<introduccion/figs/figpreface7.pdf, id=118, 617.43661pt x 390.06148pt>
File: introduccion/figs/figpreface7.pdf Graphic file (type pdf)
<use introduccion/figs/figpreface7.pdf>
Package pdftex.def Info: introduccion/figs/figpreface7.pdf  used on input line 
267.
(pdftex.def)             Requested size: 341.43306pt x 215.70699pt.
<introduccion/figs/figpreface8.pdf, id=120, 404.07358pt x 149.56822pt>
File: introduccion/figs/figpreface8.pdf Graphic file (type pdf)
<use introduccion/figs/figpreface8.pdf>
Package pdftex.def Info: introduccion/figs/figpreface8.pdf  used on input line 
274.
(pdftex.def)             Requested size: 341.43306pt x 126.38272pt.
<introduccion/figs/figpreface9.pdf, id=122, 927.18999pt x 393.66782pt>
File: introduccion/figs/figpreface9.pdf Graphic file (type pdf)
<use introduccion/figs/figpreface9.pdf>
Package pdftex.def Info: introduccion/figs/figpreface9.pdf  used on input line 
281.
(pdftex.def)             Requested size: 426.79134pt x 181.20352pt.
 [11] [12 <./introduccion/figs/figpreface6.pdf>] [13 <./introduccion/figs/figpr
eface7.pdf> <./introduccion/figs/figpreface8.pdf>] [14 <./introduccion/figs/fig
preface9.pdf>]
<introduccion/figs/fig_preface_3_1.pdf, id=218, 463.82356pt x 147.61461pt>
File: introduccion/figs/fig_preface_3_1.pdf Graphic file (type pdf)
<use introduccion/figs/fig_preface_3_1.pdf>
Package pdftex.def Info: introduccion/figs/fig_preface_3_1.pdf  used on input l
ine 323.
(pdftex.def)             Requested size: 341.43306pt x 108.66322pt.
<introduccion/figs/fig0_3_2_v2.pdf, id=220, 620.74991pt x 714.23528pt>
File: introduccion/figs/fig0_3_2_v2.pdf Graphic file (type pdf)
<use introduccion/figs/fig0_3_2_v2.pdf>
Package pdftex.def Info: introduccion/figs/fig0_3_2_v2.pdf  used on input line 
330.
(pdftex.def)             Requested size: 512.1496pt x 589.32767pt.


LaTeX Warning: Float too large for page by 17.1274pt on input line 333.

[15] [16 <./introduccion/figs/fig_preface_3_1.pdf>] [17 <./introduccion/figs/fi
g0_3_2_v2.pdf>]
Overfull \hbox (2.70064pt too wide) in paragraph at lines 361--362
[]\OT1/txr/m/n/10.95 Similar to the quadrupole and oc-tupole vi-bra-tional band
s built out of $\OML/txmi/m/it/10.95 n[]$ \OT1/txr/m/n/10.95 phonons
 []

<introduccion/figs/fig0_4_4.pdf, id=259, 525.37038pt x 534.74751pt>
File: introduccion/figs/fig0_4_4.pdf Graphic file (type pdf)
<use introduccion/figs/fig0_4_4.pdf>
Package pdftex.def Info: introduccion/figs/fig0_4_4.pdf  used on input line 370
.
(pdftex.def)             Requested size: 227.62204pt x 231.68309pt.
<introduccion/figs/fig0_4_2_v2.pdf, id=261, 564.42558pt x 667.56096pt>
File: introduccion/figs/fig0_4_2_v2.pdf Graphic file (type pdf)
<use introduccion/figs/fig0_4_2_v2.pdf>
Package pdftex.def Info: introduccion/figs/fig0_4_2_v2.pdf  used on input line 
377.
(pdftex.def)             Requested size: 341.43306pt x 403.82979pt.
<introduccion/figs/fig0_4_3_v2.pdf, id=263, 576.79755pt x 632.82713pt>
File: introduccion/figs/fig0_4_3_v2.pdf Graphic file (type pdf)
<use introduccion/figs/fig0_4_3_v2.pdf>
Package pdftex.def Info: introduccion/figs/fig0_4_3_v2.pdf  used on input line 
384.
(pdftex.def)             Requested size: 341.43306pt x 374.60077pt.
<introduccion/figs/fig0_4_4_v2.pdf, id=265, 637.99046pt x 444.6958pt>
File: introduccion/figs/fig0_4_4_v2.pdf Graphic file (type pdf)
<use introduccion/figs/fig0_4_4_v2.pdf>
Package pdftex.def Info: introduccion/figs/fig0_4_4_v2.pdf  used on input line 
391.
(pdftex.def)             Requested size: 426.79134pt x 297.49pt.
[18] [19 <./introduccion/figs/fig0_4_4.pdf>] [20 <./introduccion/figs/fig0_4_2_
v2.pdf>] [21 <./introduccion/figs/fig0_4_3_v2.pdf>] [22 <./introduccion/figs/fi
g0_4_4_v2.pdf>]
<introduccion/figs/fig0_4_5_v2.pdf, id=334, 546.38994pt x 372.58089pt>
File: introduccion/figs/fig0_4_5_v2.pdf Graphic file (type pdf)
<use introduccion/figs/fig0_4_5_v2.pdf>
Package pdftex.def Info: introduccion/figs/fig0_4_5_v2.pdf  used on input line 
445.
(pdftex.def)             Requested size: 341.43306pt x 232.82268pt.
 [23] [24 <./introduccion/figs/fig0_4_5_v2.pdf>]
Overfull \hbox (1.778pt too wide) in paragraph at lines 454--456
\OT1/txr/m/n/10.95 Because there is no restor-ing force as-so-ci-ated with dif-
fer-ent ori-en-ta-tions of $\OMS/txsy/m/n/10.95 j[]i[]$\OT1/txr/m/n/10.95 ,
 []


Overfull \hbox (8.5135pt too wide) in paragraph at lines 466--467
\OT1/txr/m/n/10.95 Let us now turn to the pair-ing Hamil-to-nian. In the case i
n which [],
 []

[25] [26] [27] [28] [29] [30] [31]

LaTeX Warning: Reference `C6' on page 32 undefined on input line 705.

[32] [33] [34]
Overfull \hbox (3.72626pt too wide) in paragraph at lines 763--765
\OT1/txr/m/n/10.95 Let us as-sume that $[] = [][] \OML/txmi/m/it/10.95 F\OT1/tx
r/m/n/10.95 (\OT1/txr/bx/n/10.95 r[]\OT1/txr/m/n/10.95 )$ and $\OML/txmi/m/it/1
0.95 H \OT1/txr/m/n/10.95 = \OML/txmi/m/it/10.95 T \OT1/txr/m/n/10.95 + \OML/tx
mi/m/it/10.95 v\OT1/txr/m/n/10.95 (\OT1/txr/bx/n/10.95 r\OML/txmi/m/it/10.95 ; 
\OT1/txr/bx/n/10.95 r[]\OT1/txr/m/n/10.95 )$, where $\OML/txmi/m/it/10.95 v\OT1
/txr/m/n/10.95 (\OT1/txr/bx/n/10.95 r\OML/txmi/m/it/10.95 ; \OT1/txr/bx/n/10.95
 r[]\OT1/txr/m/n/10.95 ) = \OMS/txsy/m/n/10.95 ^^@\OML/txmi/m/it/10.95 ^^T[][]\
OT1/txr/m/n/10.95 (\OT1/txr/bx/n/10.95 r\OT1/txr/m/n/10.95 )[](\OT1/txr/bx/n/10
.95 r[]\OT1/txr/m/n/10.95 )$.
 []

[35] [36] [37]
<introduccion/figs/fig0_8_1.pdf, id=400, 658.00371pt x 357.21884pt>
File: introduccion/figs/fig0_8_1.pdf Graphic file (type pdf)
<use introduccion/figs/fig0_8_1.pdf>
Package pdftex.def Info: introduccion/figs/fig0_8_1.pdf  used on input line 818
.
(pdftex.def)             Requested size: 426.79134pt x 231.69347pt.
<introduccion/figs/fig0_8_2.pdf, id=402, 1131.2934pt x 941.58464pt>
File: introduccion/figs/fig0_8_2.pdf Graphic file (type pdf)
<use introduccion/figs/fig0_8_2.pdf>
Package pdftex.def Info: introduccion/figs/fig0_8_2.pdf  used on input line 825
.
(pdftex.def)             Requested size: 284.52756pt x 236.80359pt.
<introduccion/figs/fig0_5_3.pdf, id=404, 188.70967pt x 149.25613pt>
File: introduccion/figs/fig0_5_3.pdf Graphic file (type pdf)
<use introduccion/figs/fig0_5_3.pdf>
Package pdftex.def Info: introduccion/figs/fig0_5_3.pdf  used on input line 832
.
(pdftex.def)             Requested size: 227.62204pt x 180.03793pt.
 [38] [39 <./introduccion/figs/fig0_8_1.pdf>] [40 <./introduccion/figs/fig0_8_2
.pdf>] [41 <./introduccion/figs/fig0_5_3.pdf>] (./preface.bbl
[42] [43

]
LaTeX Font Info:    Try loading font information for OT1+txtt on input line 172
.
 (/usr/share/texlive/texmf-dist/tex/latex/txfonts/ot1txtt.fd
File: ot1txtt.fd 2000/12/15 v3.1
)
Underfull \hbox (badness 1365) in paragraph at lines 167--173
[]\OT1/txr/m/n/10.95 E. Litvi-nova and H. Wi-bowo.  Finite-temperature rel-a-ti
vis-tic nu-clear field
 []


Underfull \hbox (badness 1320) in paragraph at lines 167--173
\OT1/txr/m/n/10.95 the-ory: An ap-pli-ca-tion to the dipole re-sponse.  \OT1/tx
r/m/it/10.95 Phys. Rev. Lett.\OT1/txr/m/n/10.95 , 121:
 []


Underfull \hbox (badness 4441) in paragraph at lines 167--173
\OT1/txr/m/n/10.95 082501, Aug 2018.  doi: 10.1103/Phys-RevLett.121.082501.  UR
L
 []

[44] [45]
Underfull \hbox (badness 4205) in paragraph at lines 272--277
[]\OT1/txr/m/n/10.95 J. C. Ward.  An iden-tity in quan-tum elec-tro-dy-nam-ics.
  \OT1/txr/m/it/10.95 Phys. Rev.\OT1/txr/m/n/10.95 ,
 []


Underfull \hbox (badness 10000) in paragraph at lines 272--277
\OT1/txr/m/n/10.95 78:182--182, Apr 1950.  doi: 10.1103/Phys-Rev.78.182.  URL
 []


Underfull \hbox (badness 3460) in paragraph at lines 284--290
[]\OT1/txr/m/n/10.95 H. Wi-bowo and E. Litvi-nova.  Nu-clear dipole re-sponse i
n the finite-
 []


Underfull \hbox (badness 6032) in paragraph at lines 284--290
\OT1/txr/m/n/10.95 temperature rel-a-tivis-tic time-blocking ap-prox-i-ma-tion.
  \OT1/txr/m/it/10.95 Phys. Rev. C\OT1/txr/m/n/10.95 ,
 []


Underfull \hbox (badness 2753) in paragraph at lines 284--290
\OT1/txr/m/n/10.95 100:024307, Aug 2019.  doi: 10.1103/Phys-RevC.100.024307.  U
RL
 []

) [46] (./preface.aux)

LaTeX Warning: There were undefined references.

 ) 
Here is how much of TeX's memory you used:
 5811 strings out of 492615
 84993 string characters out of 6131390
 154697 words of memory out of 5000000
 9535 multiletter control sequences out of 15000+600000
 53598 words of font info for 128 fonts, out of 8000000 for 9000
 1141 hyphenation exceptions out of 8191
 41i,13n,43p,2921b,340s stack positions out of 5000i,500n,10000p,200000b,80000s
{/usr/share/texlive/texmf-dist/fonts/enc/dvips/base/8r.enc}</usr/share/texmf/
fonts/type1/public/tex-gyre/qhvr.pfb></usr/share/texmf/fonts/type1/public/tex-g
yre/qtmr.pfb></usr/share/texmf/fonts/type1/public/tex-gyre/qtmri.pfb></usr/shar
e/texlive/texmf-dist/fonts/type1/public/txfonts/rtxmi.pfb></usr/share/texlive/t
exmf-dist/fonts/type1/public/txfonts/rtxr.pfb></usr/share/texlive/texmf-dist/fo
nts/type1/public/txfonts/txex.pfb></usr/share/texlive/texmf-dist/fonts/type1/pu
blic/txfonts/txsy.pfb></usr/share/texlive/texmf-dist/fonts/type1/public/txfonts
/txsya.pfb></usr/share/texlive/texmf-dist/fonts/type1/public/txfonts/txsyb.pfb>
</usr/share/texlive/texmf-dist/fonts/type1/public/txfonts/txsyc.pfb></usr/share
/texlive/texmf-dist/fonts/type1/public/txfonts/txtt.pfb></usr/share/texlive/tex
mf-dist/fonts/type1/urw/times/utmb8a.pfb></usr/share/texlive/texmf-dist/fonts/t
ype1/urw/times/utmr8a.pfb></usr/share/texlive/texmf-dist/fonts/type1/urw/times/
utmr8a.pfb></usr/share/texlive/texmf-dist/fonts/type1/urw/times/utmri8a.pfb>
Output written on preface.pdf (46 pages, 5617489 bytes).
PDF statistics:
 524 PDF objects out of 1000 (max. 8388607)
 345 compressed objects within 4 object streams
 0 named destinations out of 1000 (max. 500000)
 210 words of extra memory for PDF output out of 10000 (max. 10000000)

