This is pdfTeX, Version 3.1415926-2.4-1.40.13 (MiKTeX 2.9) (preloaded format=pdflatex 2013.12.17)  2 JUN 2014 21:35
entering extended mode
**struct_nut.tex
(C:\Gregory\Articulos\Mios\libro_nuclear\nutshell\struct_nut.tex
LaTeX2e <2011/06/27>
Babel <v3.8m> and hyphenation patterns for english, afrikaans, ancientgreek, ar
abic, armenian, assamese, basque, bengali, bokmal, bulgarian, catalan, coptic, 
croatian, czech, danish, dutch, esperanto, estonian, farsi, finnish, french, ga
lician, german, german-x-2012-05-30, greek, gujarati, hindi, hungarian, iceland
ic, indonesian, interlingua, irish, italian, kannada, kurmanji, latin, latvian,
 lithuanian, malayalam, marathi, mongolian, mongolianlmc, monogreek, ngerman, n
german-x-2012-05-30, nynorsk, oriya, panjabi, pinyin, polish, portuguese, roman
ian, russian, sanskrit, serbian, slovak, slovenian, spanish, swedish, swissgerm
an, tamil, telugu, turkish, turkmen, ukenglish, ukrainian, uppersorbian, usengl
ishmax, welsh, loaded.
("C:\Program Files (x86)\MiKTeX 2.9\tex\latex\base\book.cls"
Document Class: book 2007/10/19 v1.4h Standard LaTeX document class
("C:\Program Files (x86)\MiKTeX 2.9\tex\latex\base\bk11.clo"
File: bk11.clo 2007/10/19 v1.4h Standard LaTeX file (size option)
)
\c@part=\count79
\c@chapter=\count80
\c@section=\count81
\c@subsection=\count82
\c@subsubsection=\count83
\c@paragraph=\count84
\c@subparagraph=\count85
\c@figure=\count86
\c@table=\count87
\abovecaptionskip=\skip41
\belowcaptionskip=\skip42
\bibindent=\dimen102
)
(C:\Users\Gregory\AppData\Roaming\MiKTeX\2.9\tex\latex\cite\chapterbib.sty
\c@inputfile=\count88
Package: chapterbib 2010/09/18  v 1.17
)
(C:\Users\Gregory\AppData\Roaming\MiKTeX\2.9\tex\latex\appendix\appendix.sty
Package: appendix 2009/09/02 v1.2b extra appendix facilities
\c@@pps=\count89
\c@@ppsavesec=\count90
\c@@ppsaveapp=\count91
)
(C:\Users\Gregory\AppData\Roaming\MiKTeX\2.9\tex\latex\slashbox\slashbox.sty
slashbox style by K.Yasuoka, May 1993.
\@slashboxa=\box26
\@slashboxb=\box27
\@slashboxc=\box28
\@slashboxwd=\count92
\@slashboxht=\count93
\@slashsepl=\dimen103
\@slashsepr=\dimen104
) ("C:\Program Files (x86)\MiKTeX 2.9\tex\latex\graphics\epsfig.sty"
Package: epsfig 1999/02/16 v1.7a (e)psfig emulation (SPQR)

("C:\Program Files (x86)\MiKTeX 2.9\tex\latex\graphics\graphicx.sty"
Package: graphicx 1999/02/16 v1.0f Enhanced LaTeX Graphics (DPC,SPQR)

("C:\Program Files (x86)\MiKTeX 2.9\tex\latex\graphics\keyval.sty"
Package: keyval 1999/03/16 v1.13 key=value parser (DPC)
\KV@toks@=\toks14
)
("C:\Program Files (x86)\MiKTeX 2.9\tex\latex\graphics\graphics.sty"
Package: graphics 2009/02/05 v1.0o Standard LaTeX Graphics (DPC,SPQR)

("C:\Program Files (x86)\MiKTeX 2.9\tex\latex\graphics\trig.sty"
Package: trig 1999/03/16 v1.09 sin cos tan (DPC)
)
("C:\Program Files (x86)\MiKTeX 2.9\tex\latex\00miktex\graphics.cfg"
File: graphics.cfg 2007/01/18 v1.5 graphics configuration of teTeX/TeXLive
)
Package graphics Info: Driver file: pdftex.def on input line 91.

("C:\Program Files (x86)\MiKTeX 2.9\tex\latex\pdftex-def\pdftex.def"
File: pdftex.def 2011/05/27 v0.06d Graphics/color for pdfTeX

("C:\Program Files (x86)\MiKTeX 2.9\tex\generic\oberdiek\infwarerr.sty"
Package: infwarerr 2010/04/08 v1.3 Providing info/warning/error messages (HO)
)
("C:\Program Files (x86)\MiKTeX 2.9\tex\generic\oberdiek\ltxcmds.sty"
Package: ltxcmds 2011/11/09 v1.22 LaTeX kernel commands for general use (HO)
)
\Gread@gobject=\count94
))
\Gin@req@height=\dimen105
\Gin@req@width=\dimen106
)
\epsfxsize=\dimen107
\epsfysize=\dimen108
)
("C:\Program Files (x86)\MiKTeX 2.9\tex\latex\amsmath\amsmath.sty"
Package: amsmath 2013/01/14 v2.14 AMS math features
\@mathmargin=\skip43

For additional information on amsmath, use the `?' option.
("C:\Program Files (x86)\MiKTeX 2.9\tex\latex\amsmath\amstext.sty"
Package: amstext 2000/06/29 v2.01

("C:\Program Files (x86)\MiKTeX 2.9\tex\latex\amsmath\amsgen.sty"
File: amsgen.sty 1999/11/30 v2.0
\@emptytoks=\toks15
\ex@=\dimen109
))
("C:\Program Files (x86)\MiKTeX 2.9\tex\latex\amsmath\amsbsy.sty"
Package: amsbsy 1999/11/29 v1.2d
\pmbraise@=\dimen110
)
("C:\Program Files (x86)\MiKTeX 2.9\tex\latex\amsmath\amsopn.sty"
Package: amsopn 1999/12/14 v2.01 operator names
)
\inf@bad=\count95
LaTeX Info: Redefining \frac on input line 210.
\uproot@=\count96
\leftroot@=\count97
LaTeX Info: Redefining \overline on input line 306.
\classnum@=\count98
\DOTSCASE@=\count99
LaTeX Info: Redefining \ldots on input line 378.
LaTeX Info: Redefining \dots on input line 381.
LaTeX Info: Redefining \cdots on input line 466.
\Mathstrutbox@=\box29
\strutbox@=\box30
\big@size=\dimen111
LaTeX Font Info:    Redeclaring font encoding OML on input line 566.
LaTeX Font Info:    Redeclaring font encoding OMS on input line 567.
\macc@depth=\count100
\c@MaxMatrixCols=\count101
\dotsspace@=\muskip10
\c@parentequation=\count102
\dspbrk@lvl=\count103
\tag@help=\toks16
\row@=\count104
\column@=\count105
\maxfields@=\count106
\andhelp@=\toks17
\eqnshift@=\dimen112
\alignsep@=\dimen113
\tagshift@=\dimen114
\tagwidth@=\dimen115
\totwidth@=\dimen116
\lineht@=\dimen117
\@envbody=\toks18
\multlinegap=\skip44
\multlinetaggap=\skip45
\mathdisplay@stack=\toks19
LaTeX Info: Redefining \[ on input line 2665.
LaTeX Info: Redefining \] on input line 2666.
)
("C:\Program Files (x86)\MiKTeX 2.9\tex\latex\amsfonts\amsfonts.sty"
Package: amsfonts 2013/01/14 v3.01 Basic AMSFonts support
\symAMSa=\mathgroup4
\symAMSb=\mathgroup5
LaTeX Font Info:    Overwriting math alphabet `\mathfrak' in version `bold'
(Font)                  U/euf/m/n --> U/euf/b/n on input line 106.
)
("C:\Program Files (x86)\MiKTeX 2.9\tex\latex\amsfonts\amssymb.sty"
Package: amssymb 2013/01/14 v3.01 AMS font symbols
)
("C:\Program Files (x86)\MiKTeX 2.9\tex\latex\base\latexsym.sty"
Package: latexsym 1998/08/17 v2.2e Standard LaTeX package (lasy symbols)
\symlasy=\mathgroup6
LaTeX Font Info:    Overwriting symbol font `lasy' in version `bold'
(Font)                  U/lasy/m/n --> U/lasy/b/n on input line 47.
)
(C:\Users\Gregory\AppData\Roaming\MiKTeX\2.9\tex\latex\txfonts\txfonts.sty
Package: txfonts 2008/01/22 v3.2.1
LaTeX Font Info:    Redeclaring symbol font `operators' on input line 21.
LaTeX Font Info:    Overwriting symbol font `operators' in version `normal'
(Font)                  OT1/cmr/m/n --> OT1/txr/m/n on input line 21.
LaTeX Font Info:    Overwriting symbol font `operators' in version `bold'
(Font)                  OT1/cmr/bx/n --> OT1/txr/m/n on input line 21.
LaTeX Font Info:    Overwriting symbol font `operators' in version `bold'
(Font)                  OT1/txr/m/n --> OT1/txr/bx/n on input line 22.
\symitalic=\mathgroup7
LaTeX Font Info:    Overwriting symbol font `italic' in version `bold'
(Font)                  OT1/txr/m/it --> OT1/txr/bx/it on input line 26.
LaTeX Font Info:    Redeclaring math alphabet \mathbf on input line 29.
LaTeX Font Info:    Overwriting math alphabet `\mathbf' in version `normal'
(Font)                  OT1/cmr/bx/n --> OT1/txr/bx/n on input line 29.
LaTeX Font Info:    Overwriting math alphabet `\mathbf' in version `bold'
(Font)                  OT1/cmr/bx/n --> OT1/txr/bx/n on input line 29.
LaTeX Font Info:    Redeclaring math alphabet \mathit on input line 30.
LaTeX Font Info:    Overwriting math alphabet `\mathit' in version `normal'
(Font)                  OT1/cmr/m/it --> OT1/txr/m/it on input line 30.
LaTeX Font Info:    Overwriting math alphabet `\mathit' in version `bold'
(Font)                  OT1/cmr/bx/it --> OT1/txr/m/it on input line 30.
LaTeX Font Info:    Overwriting math alphabet `\mathit' in version `bold'
(Font)                  OT1/txr/m/it --> OT1/txr/bx/it on input line 31.
LaTeX Font Info:    Redeclaring math alphabet \mathsf on input line 40.
LaTeX Font Info:    Overwriting math alphabet `\mathsf' in version `normal'
(Font)                  OT1/cmss/m/n --> OT1/txss/m/n on input line 40.
LaTeX Font Info:    Overwriting math alphabet `\mathsf' in version `bold'
(Font)                  OT1/cmss/bx/n --> OT1/txss/m/n on input line 40.
LaTeX Font Info:    Overwriting math alphabet `\mathsf' in version `bold'
(Font)                  OT1/txss/m/n --> OT1/txss/b/n on input line 41.
LaTeX Font Info:    Redeclaring math alphabet \mathtt on input line 50.
LaTeX Font Info:    Overwriting math alphabet `\mathtt' in version `normal'
(Font)                  OT1/cmtt/m/n --> OT1/txtt/m/n on input line 50.
LaTeX Font Info:    Overwriting math alphabet `\mathtt' in version `bold'
(Font)                  OT1/cmtt/m/n --> OT1/txtt/m/n on input line 50.
LaTeX Font Info:    Overwriting math alphabet `\mathtt' in version `bold'
(Font)                  OT1/txtt/m/n --> OT1/txtt/b/n on input line 51.
LaTeX Font Info:    Redeclaring symbol font `letters' on input line 58.
LaTeX Font Info:    Overwriting symbol font `letters' in version `normal'
(Font)                  OML/cmm/m/it --> OML/txmi/m/it on input line 58.
LaTeX Font Info:    Overwriting symbol font `letters' in version `bold'
(Font)                  OML/cmm/b/it --> OML/txmi/m/it on input line 58.
LaTeX Font Info:    Overwriting symbol font `letters' in version `bold'
(Font)                  OML/txmi/m/it --> OML/txmi/bx/it on input line 59.
\symlettersA=\mathgroup8
LaTeX Font Info:    Overwriting symbol font `lettersA' in version `bold'
(Font)                  U/txmia/m/it --> U/txmia/bx/it on input line 67.
LaTeX Font Info:    Redeclaring math alphabet \mathfrak on input line 70.
LaTeX Font Info:    Redeclaring symbol font `symbols' on input line 77.
LaTeX Font Info:    Overwriting symbol font `symbols' in version `normal'
(Font)                  OMS/cmsy/m/n --> OMS/txsy/m/n on input line 77.
LaTeX Font Info:    Overwriting symbol font `symbols' in version `bold'
(Font)                  OMS/cmsy/b/n --> OMS/txsy/m/n on input line 77.
LaTeX Font Info:    Overwriting symbol font `symbols' in version `bold'
(Font)                  OMS/txsy/m/n --> OMS/txsy/bx/n on input line 78.
LaTeX Font Info:    Redeclaring symbol font `AMSa' on input line 93.
LaTeX Font Info:    Overwriting symbol font `AMSa' in version `normal'
(Font)                  U/msa/m/n --> U/txsya/m/n on input line 93.
LaTeX Font Info:    Overwriting symbol font `AMSa' in version `bold'
(Font)                  U/msa/m/n --> U/txsya/m/n on input line 93.
LaTeX Font Info:    Overwriting symbol font `AMSa' in version `bold'
(Font)                  U/txsya/m/n --> U/txsya/bx/n on input line 94.
LaTeX Font Info:    Redeclaring symbol font `AMSb' on input line 102.
LaTeX Font Info:    Overwriting symbol font `AMSb' in version `normal'
(Font)                  U/msb/m/n --> U/txsyb/m/n on input line 102.
LaTeX Font Info:    Overwriting symbol font `AMSb' in version `bold'
(Font)                  U/msb/m/n --> U/txsyb/m/n on input line 102.
LaTeX Font Info:    Overwriting symbol font `AMSb' in version `bold'
(Font)                  U/txsyb/m/n --> U/txsyb/bx/n on input line 103.
\symsymbolsC=\mathgroup9
LaTeX Font Info:    Overwriting symbol font `symbolsC' in version `bold'
(Font)                  U/txsyc/m/n --> U/txsyc/bx/n on input line 113.
LaTeX Font Info:    Redeclaring symbol font `largesymbols' on input line 120.
LaTeX Font Info:    Overwriting symbol font `largesymbols' in version `normal'
(Font)                  OMX/cmex/m/n --> OMX/txex/m/n on input line 120.
LaTeX Font Info:    Overwriting symbol font `largesymbols' in version `bold'
(Font)                  OMX/cmex/m/n --> OMX/txex/m/n on input line 120.
LaTeX Font Info:    Overwriting symbol font `largesymbols' in version `bold'
(Font)                  OMX/txex/m/n --> OMX/txex/bx/n on input line 121.
\symlargesymbolsA=\mathgroup10
LaTeX Font Info:    Overwriting symbol font `largesymbolsA' in version `bold'
(Font)                  U/txexa/m/n --> U/txexa/bx/n on input line 129.
LaTeX Info: Redefining \not on input line 1043.
)
("C:\Program Files (x86)\MiKTeX 2.9\tex\latex\jknappen\mathrsfs.sty"
Package: mathrsfs 1996/01/01 Math RSFS package v1.0 (jk)
\symrsfs=\mathgroup11
)
(C:\Users\Gregory\AppData\Roaming\MiKTeX\2.9\tex\latex\was\upgreek.sty
Package: upgreek 2003/02/12 v2.0 (WaS)
Package upgreek Info: Using Euler Roman for upright Greek on input line 31.
\symugrf@m=\mathgroup12
LaTeX Font Info:    Overwriting symbol font `ugrf@m' in version `bold'
(Font)                  U/eur/m/n --> U/eur/b/n on input line 38.
)
(C:\Users\Gregory\AppData\Roaming\MiKTeX\2.9\tex\latex\natbib\natbib.sty
Package: natbib 2010/09/13 8.31b (PWD, AO)
\bibhang=\skip46
\bibsep=\skip47
LaTeX Info: Redefining \cite on input line 694.
\c@NAT@ctr=\count107
)
("C:\Program Files (x86)\MiKTeX 2.9\tex\latex\tools\verbatim.sty"
Package: verbatim 2003/08/22 v1.5q LaTeX2e package for verbatim enhancements
\every@verbatim=\toks20
\verbatim@line=\toks21
\verbatim@in@stream=\read1
)
("C:\Program Files (x86)\MiKTeX 2.9\tex\latex\tools\array.sty"
Package: array 2008/09/09 v2.4c Tabular extension package (FMi)
\col@sep=\dimen118
\extrarowheight=\dimen119
\NC@list=\toks22
\extratabsurround=\skip48
\backup@length=\skip49
)
("C:\Program Files (x86)\MiKTeX 2.9\tex\latex\graphics\color.sty"
Package: color 2005/11/14 v1.0j Standard LaTeX Color (DPC)

("C:\Program Files (x86)\MiKTeX 2.9\tex\latex\00miktex\color.cfg"
File: color.cfg 2007/01/18 v1.5 color configuration of teTeX/TeXLive
)
Package color Info: Driver file: pdftex.def on input line 130.
)
(C:\Gregory\Articulos\Mios\libro_nuclear\nutshell\struct_nut.aux)
LaTeX Font Info:    Checking defaults for OML/txmi/m/it on input line 47.
LaTeX Font Info:    Try loading font information for OML+txmi on input line 47.


(C:\Users\Gregory\AppData\Roaming\MiKTeX\2.9\tex\latex\txfonts\omltxmi.fd
File: omltxmi.fd 2000/12/15 v3.1
)
LaTeX Font Info:    ... okay on input line 47.
LaTeX Font Info:    Checking defaults for T1/cmr/m/n on input line 47.
LaTeX Font Info:    ... okay on input line 47.
LaTeX Font Info:    Checking defaults for OT1/cmr/m/n on input line 47.
LaTeX Font Info:    ... okay on input line 47.
LaTeX Font Info:    Checking defaults for OMS/txsy/m/n on input line 47.
LaTeX Font Info:    Try loading font information for OMS+txsy on input line 47.


(C:\Users\Gregory\AppData\Roaming\MiKTeX\2.9\tex\latex\txfonts\omstxsy.fd
File: omstxsy.fd 2000/12/15 v3.1
)
LaTeX Font Info:    ... okay on input line 47.
LaTeX Font Info:    Checking defaults for OMX/txex/m/n on input line 47.
LaTeX Font Info:    Try loading font information for OMX+txex on input line 47.


(C:\Users\Gregory\AppData\Roaming\MiKTeX\2.9\tex\latex\txfonts\omxtxex.fd
File: omxtxex.fd 2000/12/15 v3.1
)
LaTeX Font Info:    ... okay on input line 47.
LaTeX Font Info:    Checking defaults for U/txexa/m/n on input line 47.
LaTeX Font Info:    Try loading font information for U+txexa on input line 47.

(C:\Users\Gregory\AppData\Roaming\MiKTeX\2.9\tex\latex\txfonts\utxexa.fd
File: utxexa.fd 2000/12/15 v3.1
)
LaTeX Font Info:    ... okay on input line 47.
LaTeX Font Info:    Try loading font information for OT1+txr on input line 47.

(C:\Users\Gregory\AppData\Roaming\MiKTeX\2.9\tex\latex\txfonts\ot1txr.fd
File: ot1txr.fd 2000/12/15 v3.1
)
Package chapterbib Info: The sectionbib option changes "\chapter *" to "\sectio
n *" in \thebibliography on input line 47.

(C:\Users\Gregory\AppData\Roaming\MiKTeX\2.9\tex\context\base\supp-pdf.mkii
[Loading MPS to PDF converter (version 2006.09.02).]
\scratchcounter=\count108
\scratchdimen=\dimen120
\scratchbox=\box31
\nofMPsegments=\count109
\nofMParguments=\count110
\everyMPshowfont=\toks23
\MPscratchCnt=\count111
\MPscratchDim=\dimen121
\MPnumerator=\count112
\makeMPintoPDFobject=\count113
\everyMPtoPDFconversion=\toks24
)
LaTeX Font Info:    Try loading font information for U+txsya on input line 49.
 (C:\Users\Gregory\AppData\Roaming\MiKTeX\2.9\tex\latex\txfonts\utxsya.fd
File: utxsya.fd 2000/12/15 v3.1
)
LaTeX Font Info:    Try loading font information for U+txsyb on input line 49.

(C:\Users\Gregory\AppData\Roaming\MiKTeX\2.9\tex\latex\txfonts\utxsyb.fd
File: utxsyb.fd 2000/12/15 v3.1
)
LaTeX Font Info:    Try loading font information for U+lasy on input line 49.

("C:\Program Files (x86)\MiKTeX 2.9\tex\latex\base\ulasy.fd"
File: ulasy.fd 1998/08/17 v2.2e LaTeX symbol font definitions
)
LaTeX Font Info:    Try loading font information for U+txmia on input line 49.

(C:\Users\Gregory\AppData\Roaming\MiKTeX\2.9\tex\latex\txfonts\utxmia.fd
File: utxmia.fd 2000/12/15 v3.1
)
LaTeX Font Info:    Try loading font information for U+txsyc on input line 49.

(C:\Users\Gregory\AppData\Roaming\MiKTeX\2.9\tex\latex\txfonts\utxsyc.fd
File: utxsyc.fd 2000/12/15 v3.1
)
LaTeX Font Info:    Try loading font information for U+rsfs on input line 49.

("C:\Program Files (x86)\MiKTeX 2.9\tex\latex\jknappen\ursfs.fd"
File: ursfs.fd 1998/03/24 rsfs font definition file (jk)
) [1{C:/Users/Gregory/AppData/Local/MiKTeX/2.9/pdftex/config/pdftex.map}

] [2] [3]

LaTeX Warning: Reference `cs' on page 4 undefined on input line 118.


LaTeX Warning: Reference `cst' on page 4 undefined on input line 118.

<figs/box1.pdf, id=20, 332.44202pt x 498.663pt>
File: figs/box1.pdf Graphic file (type pdf)
 <use figs/box1.pdf>
Package pdftex.def Info: figs/box1.pdf used on input line 134.
(pdftex.def)             Requested size: 360.0pt x 540.00133pt.

<figs/box2_1.pdf, id=22, 350.10799pt x 492.239pt>
File: figs/box2_1.pdf Graphic file (type pdf)
 <use figs/box2_1.pdf>
Package pdftex.def Info: figs/box2_1.pdf used on input line 138.
(pdftex.def)             Requested size: 360.0pt x 506.16309pt.

<figs/box2_2.pdf, id=24, 348.50201pt x 489.83pt>
File: figs/box2_2.pdf Graphic file (type pdf)
 <use figs/box2_2.pdf>
Package pdftex.def Info: figs/box2_2.pdf used on input line 141.
(pdftex.def)             Requested size: 360.0pt x 505.98799pt.

<figs/box3_1.pdf, id=26, 350.91101pt x 507.496pt>
File: figs/box3_1.pdf Graphic file (type pdf)
 <use figs/box3_1.pdf>
Package pdftex.def Info: figs/box3_1.pdf used on input line 145.
(pdftex.def)             Requested size: 360.0pt x 520.64365pt.

<figs/box3_2.pdf, id=28, 351.71399pt x 289.88298pt>
File: figs/box3_2.pdf Graphic file (type pdf)
 <use figs/box3_2.pdf>
Package pdftex.def Info: figs/box3_2.pdf used on input line 148.
(pdftex.def)             Requested size: 360.0pt x 296.73387pt.

<figs/box3_3.pdf, id=30, 350.10799pt x 464.93701pt>
File: figs/box3_3.pdf Graphic file (type pdf)
 <use figs/box3_3.pdf>
Package pdftex.def Info: figs/box3_3.pdf used on input line 151.
(pdftex.def)             Requested size: 360.0pt x 478.0888pt.

<figs/box3_4.pdf, id=32, 354.12299pt x 477.785pt>
File: figs/box3_4.pdf Graphic file (type pdf)
 <use figs/box3_4.pdf>
Package pdftex.def Info: figs/box3_4.pdf used on input line 154.
(pdftex.def)             Requested size: 360.0pt x 485.75223pt.

<figs/box3_5.pdf, id=34, 350.10799pt x 465.74pt>
File: figs/box3_5.pdf Graphic file (type pdf)
 <use figs/box3_5.pdf>
Package pdftex.def Info: figs/box3_5.pdf used on input line 157.
(pdftex.def)             Requested size: 360.0pt x 478.9145pt.

<figs/box4_1.pdf, id=36, 350.91101pt x 501.875pt>
File: figs/box4_1.pdf Graphic file (type pdf)
 <use figs/box4_1.pdf>
Package pdftex.def Info: figs/box4_1.pdf used on input line 161.
(pdftex.def)             Requested size: 360.0pt x 514.87701pt.

<figs/box4_3.pdf, id=38, 318.791pt x 424.78702pt>
File: figs/box4_3.pdf Graphic file (type pdf)
 <use figs/box4_3.pdf>
Package pdftex.def Info: figs/box4_3.pdf used on input line 164.
(pdftex.def)             Requested size: 360.0pt x 479.70558pt.

<figs/box4_10.pdf, id=40, 357.335pt x 494.648pt>
File: figs/box4_10.pdf Graphic file (type pdf)
 <use figs/box4_10.pdf>
Package pdftex.def Info: figs/box4_10.pdf used on input line 167.
(pdftex.def)             Requested size: 360.0pt x 498.36026pt.

<figs/box4_4.pdf, id=42, 352.51701pt x 500.269pt>
File: figs/box4_4.pdf Graphic file (type pdf)
 <use figs/box4_4.pdf>
Package pdftex.def Info: figs/box4_4.pdf used on input line 170.
(pdftex.def)             Requested size: 360.0pt x 510.90884pt.

<figs/box4_5.pdf, id=44, 355.72899pt x 513.11702pt>
File: figs/box4_5.pdf Graphic file (type pdf)
 <use figs/box4_5.pdf>
Package pdftex.def Info: figs/box4_5.pdf used on input line 173.
(pdftex.def)             Requested size: 360.0pt x 519.28543pt.

<figs/box4_7.pdf, id=46, 348.50201pt x 503.481pt>
File: figs/box4_7.pdf Graphic file (type pdf)
 <use figs/box4_7.pdf>
Package pdftex.def Info: figs/box4_7.pdf used on input line 176.
(pdftex.def)             Requested size: 360.0pt x 520.08931pt.

<figs/box4_8.pdf, id=48, 350.10799pt x 489.02701pt>
File: figs/box4_8.pdf Graphic file (type pdf)
 <use figs/box4_8.pdf>
Package pdftex.def Info: figs/box4_8.pdf used on input line 179.
(pdftex.def)             Requested size: 360.0pt x 502.86023pt.

<figs/box4_2.pdf, id=50, 353.32pt x 505.89pt>
File: figs/box4_2.pdf Graphic file (type pdf)
 <use figs/box4_2.pdf>
Package pdftex.def Info: figs/box4_2.pdf used on input line 182.
(pdftex.def)             Requested size: 360.0pt x 515.46062pt.

<figs/box4_6.pdf, id=52, 351.71399pt x 391.061pt>
File: figs/box4_6.pdf Graphic file (type pdf)
 <use figs/box4_6.pdf>
Package pdftex.def Info: figs/box4_6.pdf used on input line 185.
(pdftex.def)             Requested size: 360.0pt x 400.30309pt.

<figs/box4_9.pdf, id=54, 345.29pt x 473.77pt>
File: figs/box4_9.pdf Graphic file (type pdf)
 <use figs/box4_9.pdf>
Package pdftex.def Info: figs/box4_9.pdf used on input line 188.
(pdftex.def)             Requested size: 360.0pt x 493.95982pt.

(C:\Gregory\Articulos\Mios\libro_nuclear\nutshell\struct_nut.bbl [4] [5 <C:/Gre
gory/Articulos/Mios/libro_nuclear/nutshell/figs/box1.pdf>] [6 <C:/Gregory/Artic
ulos/Mios/libro_nuclear/nutshell/figs/box2_1.pdf>] [7 <C:/Gregory/Articulos/Mio
s/libro_nuclear/nutshell/figs/box2_2.pdf>] [8 <C:/Gregory/Articulos/Mios/libro_
nuclear/nutshell/figs/box3_1.pdf>] [9 <C:/Gregory/Articulos/Mios/libro_nuclear/
nutshell/figs/box3_2.pdf>] [10 <C:/Gregory/Articulos/Mios/libro_nuclear/nutshel
l/figs/box3_3.pdf>] [11 <C:/Gregory/Articulos/Mios/libro_nuclear/nutshell/figs/
box3_4.pdf>] [12 <C:/Gregory/Articulos/Mios/libro_nuclear/nutshell/figs/box3_5.
pdf>] [13 <C:/Gregory/Articulos/Mios/libro_nuclear/nutshell/figs/box4_1.pdf>]
[14 <C:/Gregory/Articulos/Mios/libro_nuclear/nutshell/figs/box4_3.pdf>]
[15 <C:/Gregory/Articulos/Mios/libro_nuclear/nutshell/figs/box4_10.pdf>]
[16 <C:/Gregory/Articulos/Mios/libro_nuclear/nutshell/figs/box4_4.pdf>]
[17 <C:/Gregory/Articulos/Mios/libro_nuclear/nutshell/figs/box4_5.pdf>]
[18 <C:/Gregory/Articulos/Mios/libro_nuclear/nutshell/figs/box4_7.pdf>]
[19 <C:/Gregory/Articulos/Mios/libro_nuclear/nutshell/figs/box4_8.pdf>]
[20 <C:/Gregory/Articulos/Mios/libro_nuclear/nutshell/figs/box4_2.pdf>]
[21 <C:/Gregory/Articulos/Mios/libro_nuclear/nutshell/figs/box4_6.pdf>]
[22 <C:/Gregory/Articulos/Mios/libro_nuclear/nutshell/figs/box4_9.pdf>]
LaTeX Font Info:    Try loading font information for OT1+txtt on input line 13.


(C:\Users\Gregory\AppData\Roaming\MiKTeX\2.9\tex\latex\txfonts\ot1txtt.fd
File: ot1txtt.fd 2000/12/15 v3.1
)
Underfull \hbox (badness 1132) in paragraph at lines 9--14
\OT1/txr/m/n/10.95 the pair-ing model.  \OT1/txr/m/it/10.95 Ad-vances in Nu-cle
ar Physics\OT1/txr/m/n/10.95 , 6:287, 1973.  URL
 []

) [23

] (C:\Gregory\Articulos\Mios\libro_nuclear\nutshell\struct_nut.aux)

LaTeX Warning: There were undefined references.

 ) 
Here is how much of TeX's memory you used:
 3413 strings out of 493921
 44488 string characters out of 3144869
 95364 words of memory out of 3000000
 6595 multiletter control sequences out of 15000+200000
 34297 words of font info for 84 fonts, out of 3000000 for 9000
 841 hyphenation exceptions out of 8191
 34i,24n,24p,1654b,248s stack positions out of 5000i,500n,10000p,200000b,50000s
{C:/Program Files (x86)/MiKTeX 2.9/fonts/enc/dvips/fontname/8r.enc}<C:/Users/
Gregory/AppData/Roaming/MiKTeX/2.9/fonts/type1/public/txfonts/rtxmi.pfb><C:/Use
rs/Gregory/AppData/Roaming/MiKTeX/2.9/fonts/type1/public/txfonts/rtxr.pfb><C:/U
sers/Gregory/AppData/Roaming/MiKTeX/2.9/fonts/type1/public/txfonts/txex.pfb><C:
/Users/Gregory/AppData/Roaming/MiKTeX/2.9/fonts/type1/public/txfonts/txsy.pfb><
C:/Users/Gregory/AppData/Roaming/MiKTeX/2.9/fonts/type1/public/txfonts/txsya.pf
b><C:/Users/Gregory/AppData/Roaming/MiKTeX/2.9/fonts/type1/public/txfonts/txtt.
pfb><C:/Program Files (x86)/MiKTeX 2.9/fonts/type1/urw/times/utmb8a.pfb><C:/Pro
gram Files (x86)/MiKTeX 2.9/fonts/type1/urw/times/utmr8a.pfb><C:/Program Files 
(x86)/MiKTeX 2.9/fonts/type1/urw/times/utmr8a.pfb><C:/Program Files (x86)/MiKTe
X 2.9/fonts/type1/urw/times/utmri8a.pfb>
Output written on struct_nut.pdf (23 pages, 1089161 bytes).
PDF statistics:
 243 PDF objects out of 1000 (max. 8388607)
 0 named destinations out of 1000 (max. 500000)
 199 words of extra memory for PDF output out of 10000 (max. 10000000)

